[I 2026-05-10 14:29:26,198] Trial 19 finished with value: 0.0 and parameters: {'lr': 0.0007392530738469641, 'weight_decay': 0.000369960521744469, 'batch_size': 256, 'epochs': 2000}. Best is trial 0 with value: 0.0.
[eval.mvp] Starting eval | split_name=train split_dir=data/splits/mvp/full_60_20_20 predictor_mode=from_file annotation_file=data/annotations/mvp_full.jsonl
[eval.mvp] Loaded split assignments | split_pairs=2965 split_samples=5930
[eval.mvp] Prepared samples | n_pairs_before_trim=2965 n_samples_before_trim=5930 n_pairs_after_trim=2965 n_samples_after_trim=5930 max_pairs=0
[eval.mvp] Generated predictions | n_predictions=5930
[eval.mvp] Scoring complete | accuracy=50.0000 pair_consistency=0.0000 n_pairs=2965 n_samples=5930
[eval.mvp] Artifacts written | output_dir=artifacts/probes/mvp/mvp_probe_linear_ltx_video_ltxv_13b_0_9_8_distilled_20260510T113414Z/layer_noise_1.0_block_12/eval/train
[eval.mvp] Starting eval | split_name=val split_dir=data/splits/mvp/full_60_20_20 predictor_mode=from_file annotation_file=data/annotations/mvp_full.jsonl
[eval.mvp] Loaded split assignments | split_pairs=989 split_samples=1978
[eval.mvp] Prepared samples | n_pairs_before_trim=989 n_samples_before_trim=1978 n_pairs_after_trim=989 n_samples_after_trim=1978 max_pairs=0
[eval.mvp] Generated predictions | n_predictions=1978
[eval.mvp] Scoring complete | accuracy=50.0000 pair_consistency=0.0000 n_pairs=989 n_samples=1978
[eval.mvp] Artifacts written | output_dir=artifacts/probes/mvp/mvp_probe_linear_ltx_video_ltxv_13b_0_9_8_distilled_20260510T113414Z/layer_noise_1.0_block_12/eval/val
[eval.mvp] Starting eval | split_name=test split_dir=data/splits/mvp/full_60_20_20 predictor_mode=from_file annotation_file=data/annotations/mvp_full.jsonl
[eval.mvp] Loaded split assignments | split_pairs=989 split_samples=1978
[eval.mvp] Prepared samples | n_pairs_before_trim=989 n_samples_before_trim=1978 n_pairs_after_trim=989 n_samples_after_trim=1978 max_pairs=0
[eval.mvp] Generated predictions | n_predictions=1978
[eval.mvp] Scoring complete | accuracy=50.0000 pair_consistency=0.0000 n_pairs=989 n_samples=1978
[eval.mvp] Artifacts written | output_dir=artifacts/probes/mvp/mvp_probe_linear_ltx_video_ltxv_13b_0_9_8_distilled_20260510T113414Z/layer_noise_1.0_block_12/eval/test
[I 2026-05-10 14:29:35,443] A new study created in RDB with name: mvp_linear_ltx_video_layer_noise_0.9_block_12
[eval.mvp] Starting eval | split_name=val split_dir=data/splits/mvp/full_60_20_20 predictor_mode=from_file annotation_file=data/annotations/mvp_full.jsonl
[eval.mvp] Loaded split assignments | split_pairs=989 split_samples=1978
[eval.mvp] Prepared samples | n_pairs_before_trim=989 n_samples_before_trim=1978 n_pairs_after_trim=989 n_samples_after_trim=1978 max_pairs=0
[eval.mvp] Generated predictions | n_predictions=1978
[eval.mvp] Scoring complete | accuracy=63.8524 pair_consistency=37.8160 n_pairs=989 n_samples=1978
[eval.mvp] Artifacts written | output_dir=artifacts/probes/mvp/mvp_probe_linear_ltx_video_ltxv_13b_0_9_8_distilled_20260510T113414Z/layer_noise_0.9_block_12/train/trial_0000/val_eval
[I 2026-05-10 14:37:54,989] Trial 0 finished with value: 37.8159757330637 and parameters: {'lr': 0.0001329291894316216, 'weight_decay': 0.005061576888752304, 'batch_size': 32, 'epochs': 2000}. Best is trial 0 with value: 37.8159757330637.
[eval.mvp] Starting eval | split_name=val split_dir=data/splits/mvp/full_60_20_20 predictor_mode=from_file annotation_file=data/annotations/mvp_full.jsonl
[eval.mvp] Loaded split assignments | split_pairs=989 split_samples=1978
[eval.mvp] Prepared samples | n_pairs_before_trim=989 n_samples_before_trim=1978 n_pairs_after_trim=989 n_samples_after_trim=1978 max_pairs=0
[eval.mvp] Generated predictions | n_predictions=1978
[eval.mvp] Scoring complete | accuracy=59.2012 pair_consistency=25.2781 n_pairs=989 n_samples=1978
[eval.mvp] Artifacts written | output_dir=artifacts/probes/mvp/mvp_probe_linear_ltx_video_ltxv_13b_0_9_8_distilled_20260510T113414Z/layer_noise_0.9_block_12/train/trial_0001/val_eval
[I 2026-05-10 14:38:27,639] Trial 1 finished with value: 25.278058645096056 and parameters: {'lr': 0.00314288089084011, 'weight_decay': 1.879466824163843e-07, 'batch_size': 256, 'epochs': 100}. Best is trial 0 with value: 37.8159757330637.
[eval.mvp] Starting eval | split_name=val split_dir=data/splits/mvp/full_60_20_20 predictor_mode=from_file annotation_file=data/annotations/mvp_full.jsonl
[eval.mvp] Loaded split assignments | split_pairs=989 split_samples=1978
[eval.mvp] Prepared samples | n_pairs_before_trim=989 n_samples_before_trim=1978 n_pairs_after_trim=989 n_samples_after_trim=1978 max_pairs=0
[eval.mvp] Generated predictions | n_predictions=1978
[eval.mvp] Scoring complete | accuracy=62.3862 pair_consistency=35.6926 n_pairs=989 n_samples=1978
[eval.mvp] Artifacts written | output_dir=artifacts/probes/mvp/mvp_probe_linear_ltx_video_ltxv_13b_0_9_8_distilled_20260510T113414Z/layer_noise_0.9_block_12/train/trial_0002/val_eval
[I 2026-05-10 14:41:02,850] Trial 2 finished with value: 35.69261880687563 and parameters: {'lr': 0.00023345864076016249, 'weight_decay': 0.0005141096648805752, 'batch_size': 128, 'epochs': 1000}. Best is trial 0 with value: 37.8159757330637.
[eval.mvp] Starting eval | split_name=val split_dir=data/splits/mvp/full_60_20_20 predictor_mode=from_file annotation_file=data/annotations/mvp_full.jsonl
[eval.mvp] Loaded split assignments | split_pairs=989 split_samples=1978
[eval.mvp] Prepared samples | n_pairs_before_trim=989 n_samples_before_trim=1978 n_pairs_after_trim=989 n_samples_after_trim=1978 max_pairs=0
[eval.mvp] Generated predictions | n_predictions=1978
[eval.mvp] Scoring complete | accuracy=59.1001 pair_consistency=26.9970 n_pairs=989 n_samples=1978
[eval.mvp] Artifacts written | output_dir=artifacts/probes/mvp/mvp_probe_linear_ltx_video_ltxv_13b_0_9_8_distilled_20260510T113414Z/layer_noise_0.9_block_12/train/trial_0003/val_eval
[I 2026-05-10 14:41:25,357] Trial 3 finished with value: 26.99696663296259 and parameters: {'lr': 8.200518402245828e-05, 'weight_decay': 3.855073690026179e-08, 'batch_size': 32, 'epochs': 50}. Best is trial 0 with value: 37.8159757330637.
[eval.mvp] Starting eval | split_name=val split_dir=data/splits/mvp/full_60_20_20 predictor_mode=from_file annotation_file=data/annotations/mvp_full.jsonl
[eval.mvp] Loaded split assignments | split_pairs=989 split_samples=1978
[eval.mvp] Prepared samples | n_pairs_before_trim=989 n_samples_before_trim=1978 n_pairs_after_trim=989 n_samples_after_trim=1978 max_pairs=0
[eval.mvp] Generated predictions | n_predictions=1978
[eval.mvp] Scoring complete | accuracy=59.7573 pair_consistency=29.0192 n_pairs=989 n_samples=1978
[eval.mvp] Artifacts written | output_dir=artifacts/probes/mvp/mvp_probe_linear_ltx_video_ltxv_13b_0_9_8_distilled_20260510T113414Z/layer_noise_0.9_block_12/train/trial_0004/val_eval
[I 2026-05-10 14:41:46,199] Trial 4 finished with value: 29.01921132457027 and parameters: {'lr': 0.00043664735929796326, 'weight_decay': 1.2856617791467908e-07, 'batch_size': 32, 'epochs': 50}. Best is trial 0 with value: 37.8159757330637.
[eval.mvp] Starting eval | split_name=val split_dir=data/splits/mvp/full_60_20_20 predictor_mode=from_file annotation_file=data/annotations/mvp_full.jsonl
[eval.mvp] Loaded split assignments | split_pairs=989 split_samples=1978
[eval.mvp] Prepared samples | n_pairs_before_trim=989 n_samples_before_trim=1978 n_pairs_after_trim=989 n_samples_after_trim=1978 max_pairs=0
[eval.mvp] Generated predictions | n_predictions=1978
[eval.mvp] Scoring complete | accuracy=61.8301 pair_consistency=34.9848 n_pairs=989 n_samples=1978
[eval.mvp] Artifacts written | output_dir=artifacts/probes/mvp/mvp_probe_linear_ltx_video_ltxv_13b_0_9_8_distilled_20260510T113414Z/layer_noise_0.9_block_12/train/trial_0005/val_eval
[I 2026-05-10 14:43:54,886] Trial 5 finished with value: 34.98483316481295 and parameters: {'lr': 0.00014656553886225324, 'weight_decay': 4.247116662617142e-07, 'batch_size': 32, 'epochs': 500}. Best is trial 0 with value: 37.8159757330637.
[I 2026-05-10 14:44:13,192] Trial 6 pruned. Pruned at epoch 100 with val_accuracy=54.7017
[I 2026-05-10 14:44:33,518] Trial 7 pruned. Pruned at epoch 113 with val_accuracy=59.0495
[eval.mvp] Starting eval | split_name=val split_dir=data/splits/mvp/full_60_20_20 predictor_mode=from_file annotation_file=data/annotations/mvp_full.jsonl
[eval.mvp] Loaded split assignments | split_pairs=989 split_samples=1978
[eval.mvp] Prepared samples | n_pairs_before_trim=989 n_samples_before_trim=1978 n_pairs_after_trim=989 n_samples_after_trim=1978 max_pairs=0
[eval.mvp] Generated predictions | n_predictions=1978
[eval.mvp] Scoring complete | accuracy=59.0495 pair_consistency=27.6036 n_pairs=989 n_samples=1978
[eval.mvp] Artifacts written | output_dir=artifacts/probes/mvp/mvp_probe_linear_ltx_video_ltxv_13b_0_9_8_distilled_20260510T113414Z/layer_noise_0.9_block_12/train/trial_0008/val_eval
[I 2026-05-10 14:45:00,584] Trial 8 finished with value: 27.603640040444894 and parameters: {'lr': 0.0003699972431463808, 'weight_decay': 3.6749049453053196e-06, 'batch_size': 256, 'epochs': 100}. Best is trial 0 with value: 37.8159757330637.
[I 2026-05-10 14:45:18,646] Trial 9 pruned. Pruned at epoch 102 with val_accuracy=58.0890
[eval.mvp] Starting eval | split_name=val split_dir=data/splits/mvp/full_60_20_20 predictor_mode=from_file annotation_file=data/annotations/mvp_full.jsonl
[eval.mvp] Loaded split assignments | split_pairs=989 split_samples=1978
[eval.mvp] Prepared samples | n_pairs_before_trim=989 n_samples_before_trim=1978 n_pairs_after_trim=989 n_samples_after_trim=1978 max_pairs=0
[eval.mvp] Generated predictions | n_predictions=1978
[eval.mvp] Scoring complete | accuracy=65.0657 pair_consistency=35.3893 n_pairs=989 n_samples=1978
[eval.mvp] Artifacts written | output_dir=artifacts/probes/mvp/mvp_probe_linear_ltx_video_ltxv_13b_0_9_8_distilled_20260510T113414Z/layer_noise_0.9_block_12/train/trial_0010/val_eval
[I 2026-05-10 14:51:39,081] Trial 10 finished with value: 35.38928210313448 and parameters: {'lr': 0.002146403547714585, 'weight_decay': 0.003955232336089218, 'batch_size': 64, 'epochs': 2000}. Best is trial 0 with value: 37.8159757330637.
[eval.mvp] Starting eval | split_name=val split_dir=data/splits/mvp/full_60_20_20 predictor_mode=from_file annotation_file=data/annotations/mvp_full.jsonl
[eval.mvp] Loaded split assignments | split_pairs=989 split_samples=1978
[eval.mvp] Prepared samples | n_pairs_before_trim=989 n_samples_before_trim=1978 n_pairs_after_trim=989 n_samples_after_trim=1978 max_pairs=0
[eval.mvp] Generated predictions | n_predictions=1978
[eval.mvp] Scoring complete | accuracy=58.7968 pair_consistency=25.0758 n_pairs=989 n_samples=1978
[eval.mvp] Artifacts written | output_dir=artifacts/probes/mvp/mvp_probe_linear_ltx_video_ltxv_13b_0_9_8_distilled_20260510T113414Z/layer_noise_0.9_block_12/train/trial_0011/val_eval
[I 2026-05-10 14:51:53,287] Trial 11 finished with value: 25.075834175935285 and parameters: {'lr': 0.0009028168422346196, 'weight_decay': 0.00013851041848413182, 'batch_size': 64, 'epochs': 20}. Best is trial 0 with value: 37.8159757330637.
[I 2026-05-10 14:52:11,139] Trial 12 pruned. Pruned at epoch 102 with val_accuracy=57.6340
[eval.mvp] Starting eval | split_name=val split_dir=data/splits/mvp/full_60_20_20 predictor_mode=from_file annotation_file=data/annotations/mvp_full.jsonl
[eval.mvp] Loaded split assignments | split_pairs=989 split_samples=1978
[eval.mvp] Prepared samples | n_pairs_before_trim=989 n_samples_before_trim=1978 n_pairs_after_trim=989 n_samples_after_trim=1978 max_pairs=0
[eval.mvp] Generated predictions | n_predictions=1978
[eval.mvp] Scoring complete | accuracy=64.2063 pair_consistency=34.2770 n_pairs=989 n_samples=1978
[eval.mvp] Artifacts written | output_dir=artifacts/probes/mvp/mvp_probe_linear_ltx_video_ltxv_13b_0_9_8_distilled_20260510T113414Z/layer_noise_0.9_block_12/train/trial_0013/val_eval
[I 2026-05-10 15:00:35,127] Trial 13 finished with value: 34.27704752275025 and parameters: {'lr': 0.00024380003254969372, 'weight_decay': 0.009336243604950356, 'batch_size': 32, 'epochs': 2000}. Best is trial 0 with value: 37.8159757330637.
[eval.mvp] Starting eval | split_name=val split_dir=data/splits/mvp/full_60_20_20 predictor_mode=from_file annotation_file=data/annotations/mvp_full.jsonl
[eval.mvp] Loaded split assignments | split_pairs=989 split_samples=1978
[eval.mvp] Prepared samples | n_pairs_before_trim=989 n_samples_before_trim=1978 n_pairs_after_trim=989 n_samples_after_trim=1978 max_pairs=0
[eval.mvp] Generated predictions | n_predictions=1978
[eval.mvp] Scoring complete | accuracy=64.8129 pair_consistency=37.5126 n_pairs=989 n_samples=1978
[eval.mvp] Artifacts written | output_dir=artifacts/probes/mvp/mvp_probe_linear_ltx_video_ltxv_13b_0_9_8_distilled_20260510T113414Z/layer_noise_0.9_block_12/train/trial_0014/val_eval
[I 2026-05-10 15:04:38,206] Trial 14 finished with value: 37.51263902932255 and parameters: {'lr': 0.0009550389696130119, 'weight_decay': 0.0006287181301801359, 'batch_size': 32, 'epochs': 1000}. Best is trial 0 with value: 37.8159757330637.
[eval.mvp] Starting eval | split_name=val split_dir=data/splits/mvp/full_60_20_20 predictor_mode=from_file annotation_file=data/annotations/mvp_full.jsonl
[eval.mvp] Loaded split assignments | split_pairs=989 split_samples=1978
[eval.mvp] Prepared samples | n_pairs_before_trim=989 n_samples_before_trim=1978 n_pairs_after_trim=989 n_samples_after_trim=1978 max_pairs=0
[eval.mvp] Generated predictions | n_predictions=1978
[eval.mvp] Scoring complete | accuracy=58.2406 pair_consistency=25.8847 n_pairs=989 n_samples=1978
[eval.mvp] Artifacts written | output_dir=artifacts/probes/mvp/mvp_probe_linear_ltx_video_ltxv_13b_0_9_8_distilled_20260510T113414Z/layer_noise_0.9_block_12/train/trial_0015/val_eval
[I 2026-05-10 15:04:54,899] Trial 15 finished with value: 25.884732052578364 and parameters: {'lr': 0.0011390177735221545, 'weight_decay': 1.4678218833234581e-05, 'batch_size': 32, 'epochs': 20}. Best is trial 0 with value: 37.8159757330637.
[eval.mvp] Starting eval | split_name=val split_dir=data/splits/mvp/full_60_20_20 predictor_mode=from_file annotation_file=data/annotations/mvp_full.jsonl
[eval.mvp] Loaded split assignments | split_pairs=989 split_samples=1978
[eval.mvp] Prepared samples | n_pairs_before_trim=989 n_samples_before_trim=1978 n_pairs_after_trim=989 n_samples_after_trim=1978 max_pairs=0
[eval.mvp] Generated predictions | n_predictions=1978
[eval.mvp] Scoring complete | accuracy=63.2457 pair_consistency=34.6815 n_pairs=989 n_samples=1978
[eval.mvp] Artifacts written | output_dir=artifacts/probes/mvp/mvp_probe_linear_ltx_video_ltxv_13b_0_9_8_distilled_20260510T113414Z/layer_noise_0.9_block_12/train/trial_0016/val_eval
[I 2026-05-10 15:07:03,498] Trial 16 finished with value: 34.681496461071795 and parameters: {'lr': 0.007868232539912916, 'weight_decay': 0.0015968538545625666, 'batch_size': 32, 'epochs': 500}. Best is trial 0 with value: 37.8159757330637.
[eval.mvp] Starting eval | split_name=val split_dir=data/splits/mvp/full_60_20_20 predictor_mode=from_file annotation_file=data/annotations/mvp_full.jsonl
[eval.mvp] Loaded split assignments | split_pairs=989 split_samples=1978
[eval.mvp] Prepared samples | n_pairs_before_trim=989 n_samples_before_trim=1978 n_pairs_after_trim=989 n_samples_after_trim=1978 max_pairs=0
[eval.mvp] Generated predictions | n_predictions=1978
[eval.mvp] Scoring complete | accuracy=65.8746 pair_consistency=38.8271 n_pairs=989 n_samples=1978
[eval.mvp] Artifacts written | output_dir=artifacts/probes/mvp/mvp_probe_linear_ltx_video_ltxv_13b_0_9_8_distilled_20260510T113414Z/layer_noise_0.9_block_12/train/trial_0017/val_eval
[I 2026-05-10 15:15:21,286] Trial 17 finished with value: 38.82709807886754 and parameters: {'lr': 0.00089752676716181, 'weight_decay': 0.00011434582997420621, 'batch_size': 32, 'epochs': 2000}. Best is trial 17 with value: 38.82709807886754.
[eval.mvp] Starting eval | split_name=val split_dir=data/splits/mvp/full_60_20_20 predictor_mode=from_file annotation_file=data/annotations/mvp_full.jsonl
[eval.mvp] Loaded split assignments | split_pairs=989 split_samples=1978
[eval.mvp] Prepared samples | n_pairs_before_trim=989 n_samples_before_trim=1978 n_pairs_after_trim=989 n_samples_after_trim=1978 max_pairs=0
[eval.mvp] Generated predictions | n_predictions=1978
[eval.mvp] Scoring complete | accuracy=66.2791 pair_consistency=41.6582 n_pairs=989 n_samples=1978
[eval.mvp] Artifacts written | output_dir=artifacts/probes/mvp/mvp_probe_linear_ltx_video_ltxv_13b_0_9_8_distilled_20260510T113414Z/layer_noise_0.9_block_12/train/trial_0018/val_eval
[I 2026-05-10 15:23:41,815] Trial 18 finished with value: 41.6582406471183 and parameters: {'lr': 0.0036838080342550565, 'weight_decay': 5.35099466930074e-05, 'batch_size': 32, 'epochs': 2000}. Best is trial 18 with value: 41.6582406471183.
[I 2026-05-10 15:23:59,900] Trial 19 pruned. Pruned at epoch 121 with val_accuracy=50.0000
[eval.mvp] Starting eval | split_name=train split_dir=data/splits/mvp/full_60_20_20 predictor_mode=from_file annotation_file=data/annotations/mvp_full.jsonl
[eval.mvp] Loaded split assignments | split_pairs=2965 split_samples=5930
[eval.mvp] Prepared samples | n_pairs_before_trim=2965 n_samples_before_trim=5930 n_pairs_after_trim=2965 n_samples_after_trim=5930 max_pairs=0
[eval.mvp] Generated predictions | n_predictions=5930
[eval.mvp] Scoring complete | accuracy=72.5464 pair_consistency=51.5008 n_pairs=2965 n_samples=5930
[eval.mvp] Artifacts written | output_dir=artifacts/probes/mvp/mvp_probe_linear_ltx_video_ltxv_13b_0_9_8_distilled_20260510T113414Z/layer_noise_0.9_block_12/eval/train
[eval.mvp] Starting eval | split_name=val split_dir=data/splits/mvp/full_60_20_20 predictor_mode=from_file annotation_file=data/annotations/mvp_full.jsonl
[eval.mvp] Loaded split assignments | split_pairs=989 split_samples=1978
[eval.mvp] Prepared samples | n_pairs_before_trim=989 n_samples_before_trim=1978 n_pairs_after_trim=989 n_samples_after_trim=1978 max_pairs=0
[eval.mvp] Generated predictions | n_predictions=1978
[eval.mvp] Scoring complete | accuracy=66.2791 pair_consistency=41.6582 n_pairs=989 n_samples=1978
[eval.mvp] Artifacts written | output_dir=artifacts/probes/mvp/mvp_probe_linear_ltx_video_ltxv_13b_0_9_8_distilled_20260510T113414Z/layer_noise_0.9_block_12/eval/val
[eval.mvp] Starting eval | split_name=test split_dir=data/splits/mvp/full_60_20_20 predictor_mode=from_file annotation_file=data/annotations/mvp_full.jsonl
[eval.mvp] Loaded split assignments | split_pairs=989 split_samples=1978
[eval.mvp] Prepared samples | n_pairs_before_trim=989 n_samples_before_trim=1978 n_pairs_after_trim=989 n_samples_after_trim=1978 max_pairs=0
[eval.mvp] Generated predictions | n_predictions=1978
[eval.mvp] Scoring complete | accuracy=66.8352 pair_consistency=42.6694 n_pairs=989 n_samples=1978
[eval.mvp] Artifacts written | output_dir=artifacts/probes/mvp/mvp_probe_linear_ltx_video_ltxv_13b_0_9_8_distilled_20260510T113414Z/layer_noise_0.9_block_12/eval/test
[I 2026-05-10 15:24:06,700] A new study created in RDB with name: mvp_linear_ltx_video_layer_noise_0.8_block_12
[eval.mvp] Starting eval | split_name=val split_dir=data/splits/mvp/full_60_20_20 predictor_mode=from_file annotation_file=data/annotations/mvp_full.jsonl
[eval.mvp] Loaded split assignments | split_pairs=989 split_samples=1978
[eval.mvp] Prepared samples | n_pairs_before_trim=989 n_samples_before_trim=1978 n_pairs_after_trim=989 n_samples_after_trim=1978 max_pairs=0
[eval.mvp] Generated predictions | n_predictions=1978
[eval.mvp] Scoring complete | accuracy=66.8352 pair_consistency=41.9616 n_pairs=989 n_samples=1978
[eval.mvp] Artifacts written | output_dir=artifacts/probes/mvp/mvp_probe_linear_ltx_video_ltxv_13b_0_9_8_distilled_20260510T113414Z/layer_noise_0.8_block_12/train/trial_0000/val_eval
[I 2026-05-10 15:32:22,611] Trial 0 finished with value: 41.96157735085945 and parameters: {'lr': 0.0001329291894316216, 'weight_decay': 0.005061576888752304, 'batch_size': 32, 'epochs': 2000}. Best is trial 0 with value: 41.96157735085945.
[eval.mvp] Starting eval | split_name=val split_dir=data/splits/mvp/full_60_20_20 predictor_mode=from_file annotation_file=data/annotations/mvp_full.jsonl
[eval.mvp] Loaded split assignments | split_pairs=989 split_samples=1978
[eval.mvp] Prepared samples | n_pairs_before_trim=989 n_samples_before_trim=1978 n_pairs_after_trim=989 n_samples_after_trim=1978 max_pairs=0
[eval.mvp] Generated predictions | n_predictions=1978
[eval.mvp] Scoring complete | accuracy=61.7290 pair_consistency=31.7492 n_pairs=989 n_samples=1978
[eval.mvp] Artifacts written | output_dir=artifacts/probes/mvp/mvp_probe_linear_ltx_video_ltxv_13b_0_9_8_distilled_20260510T113414Z/layer_noise_0.8_block_12/train/trial_0001/val_eval
[I 2026-05-10 15:32:46,774] Trial 1 finished with value: 31.749241658240646 and parameters: {'lr': 0.00314288089084011, 'weight_decay': 1.879466824163843e-07, 'batch_size': 256, 'epochs': 100}. Best is trial 0 with value: 41.96157735085945.
[eval.mvp] Starting eval | split_name=val split_dir=data/splits/mvp/full_60_20_20 predictor_mode=from_file annotation_file=data/annotations/mvp_full.jsonl
[eval.mvp] Loaded split assignments | split_pairs=989 split_samples=1978
[eval.mvp] Prepared samples | n_pairs_before_trim=989 n_samples_before_trim=1978 n_pairs_after_trim=989 n_samples_after_trim=1978 max_pairs=0
[eval.mvp] Generated predictions | n_predictions=1978
[eval.mvp] Scoring complete | accuracy=65.9252 pair_consistency=41.1527 n_pairs=989 n_samples=1978
[eval.mvp] Artifacts written | output_dir=artifacts/probes/mvp/mvp_probe_linear_ltx_video_ltxv_13b_0_9_8_distilled_20260510T113414Z/layer_noise_0.8_block_12/train/trial_0002/val_eval
