[I 2026-05-10 16:07:16,694] Trial 3 finished with value: 36.19817997977755 and parameters: {'lr': 8.200518402245828e-05, 'weight_decay': 3.855073690026179e-08, 'batch_size': 32, 'epochs': 50}. Best is trial 0 with value: 41.05156723963599.
[eval.mvp] Starting eval | split_name=val split_dir=data/splits/mvp/full_60_20_20 predictor_mode=from_file annotation_file=data/annotations/mvp_full.jsonl
[eval.mvp] Loaded split assignments | split_pairs=989 split_samples=1978
[eval.mvp] Prepared samples | n_pairs_before_trim=989 n_samples_before_trim=1978 n_pairs_after_trim=989 n_samples_after_trim=1978 max_pairs=0
[eval.mvp] Generated predictions | n_predictions=1978
[eval.mvp] Scoring complete | accuracy=64.2063 pair_consistency=37.2093 n_pairs=989 n_samples=1978
[eval.mvp] Artifacts written | output_dir=artifacts/probes/mvp/mvp_probe_linear_ltx_video_ltxv_13b_0_9_8_distilled_20260510T113414Z/layer_noise_0.6_block_48/train/trial_0004/val_eval
[I 2026-05-10 16:07:43,209] Trial 4 finished with value: 37.2093023255814 and parameters: {'lr': 0.00043664735929796326, 'weight_decay': 1.2856617791467908e-07, 'batch_size': 32, 'epochs': 50}. Best is trial 0 with value: 41.05156723963599.
[eval.mvp] Starting eval | split_name=val split_dir=data/splits/mvp/full_60_20_20 predictor_mode=from_file annotation_file=data/annotations/mvp_full.jsonl
[eval.mvp] Loaded split assignments | split_pairs=989 split_samples=1978
[eval.mvp] Prepared samples | n_pairs_before_trim=989 n_samples_before_trim=1978 n_pairs_after_trim=989 n_samples_after_trim=1978 max_pairs=0
[eval.mvp] Generated predictions | n_predictions=1978
[eval.mvp] Scoring complete | accuracy=66.3802 pair_consistency=40.6471 n_pairs=989 n_samples=1978
[eval.mvp] Artifacts written | output_dir=artifacts/probes/mvp/mvp_probe_linear_ltx_video_ltxv_13b_0_9_8_distilled_20260510T113414Z/layer_noise_0.6_block_48/train/trial_0005/val_eval
[I 2026-05-10 16:09:45,994] Trial 5 finished with value: 40.647118301314464 and parameters: {'lr': 0.00014656553886225324, 'weight_decay': 4.247116662617142e-07, 'batch_size': 32, 'epochs': 500}. Best is trial 0 with value: 41.05156723963599.
[I 2026-05-10 16:10:05,090] Trial 6 pruned. Pruned at epoch 100 with val_accuracy=58.5945
[I 2026-05-10 16:10:25,160] Trial 7 pruned. Pruned at epoch 101 with val_accuracy=63.2457
[eval.mvp] Starting eval | split_name=val split_dir=data/splits/mvp/full_60_20_20 predictor_mode=from_file annotation_file=data/annotations/mvp_full.jsonl
[eval.mvp] Loaded split assignments | split_pairs=989 split_samples=1978
[eval.mvp] Prepared samples | n_pairs_before_trim=989 n_samples_before_trim=1978 n_pairs_after_trim=989 n_samples_after_trim=1978 max_pairs=0
[eval.mvp] Generated predictions | n_predictions=1978
[eval.mvp] Scoring complete | accuracy=63.6502 pair_consistency=37.3104 n_pairs=989 n_samples=1978
[eval.mvp] Artifacts written | output_dir=artifacts/probes/mvp/mvp_probe_linear_ltx_video_ltxv_13b_0_9_8_distilled_20260510T113414Z/layer_noise_0.6_block_48/train/trial_0008/val_eval
[I 2026-05-10 16:10:49,541] Trial 8 finished with value: 37.31041456016178 and parameters: {'lr': 0.0003699972431463808, 'weight_decay': 3.6749049453053196e-06, 'batch_size': 256, 'epochs': 100}. Best is trial 0 with value: 41.05156723963599.
[I 2026-05-10 16:11:08,330] Trial 9 pruned. Pruned at epoch 101 with val_accuracy=60.9707
[I 2026-05-10 16:11:34,082] Trial 10 pruned. Pruned at epoch 116 with val_accuracy=61.3751
[I 2026-05-10 16:12:02,849] Trial 11 pruned. Pruned at epoch 101 with val_accuracy=62.0324
[I 2026-05-10 16:12:32,405] Trial 12 pruned. Pruned at epoch 103 with val_accuracy=64.4085
[eval.mvp] Starting eval | split_name=val split_dir=data/splits/mvp/full_60_20_20 predictor_mode=from_file annotation_file=data/annotations/mvp_full.jsonl
[eval.mvp] Loaded split assignments | split_pairs=989 split_samples=1978
[eval.mvp] Prepared samples | n_pairs_before_trim=989 n_samples_before_trim=1978 n_pairs_after_trim=989 n_samples_after_trim=1978 max_pairs=0
[eval.mvp] Generated predictions | n_predictions=1978
[eval.mvp] Scoring complete | accuracy=61.8807 pair_consistency=31.8504 n_pairs=989 n_samples=1978
[eval.mvp] Artifacts written | output_dir=artifacts/probes/mvp/mvp_probe_linear_ltx_video_ltxv_13b_0_9_8_distilled_20260510T113414Z/layer_noise_0.6_block_48/train/trial_0013/val_eval
[I 2026-05-10 16:12:52,495] Trial 13 finished with value: 31.850353892821033 and parameters: {'lr': 0.00014252073771131227, 'weight_decay': 0.008946810000979412, 'batch_size': 32, 'epochs': 20}. Best is trial 0 with value: 41.05156723963599.
[I 2026-05-10 16:13:15,766] Trial 14 pruned. Pruned at epoch 103 with val_accuracy=63.9029
[I 2026-05-10 16:13:44,777] Trial 15 pruned. Pruned at epoch 101 with val_accuracy=62.4874
[eval.mvp] Starting eval | split_name=val split_dir=data/splits/mvp/full_60_20_20 predictor_mode=from_file annotation_file=data/annotations/mvp_full.jsonl
[eval.mvp] Loaded split assignments | split_pairs=989 split_samples=1978
[eval.mvp] Prepared samples | n_pairs_before_trim=989 n_samples_before_trim=1978 n_pairs_after_trim=989 n_samples_after_trim=1978 max_pairs=0
[eval.mvp] Generated predictions | n_predictions=1978
[eval.mvp] Scoring complete | accuracy=66.3296 pair_consistency=39.8382 n_pairs=989 n_samples=1978
[eval.mvp] Artifacts written | output_dir=artifacts/probes/mvp/mvp_probe_linear_ltx_video_ltxv_13b_0_9_8_distilled_20260510T113414Z/layer_noise_0.6_block_48/train/trial_0016/val_eval
[I 2026-05-10 16:15:48,303] Trial 16 finished with value: 39.838220424671384 and parameters: {'lr': 0.00023010761230790708, 'weight_decay': 2.8885077586268315e-07, 'batch_size': 32, 'epochs': 500}. Best is trial 0 with value: 41.05156723963599.
[eval.mvp] Starting eval | split_name=val split_dir=data/splits/mvp/full_60_20_20 predictor_mode=from_file annotation_file=data/annotations/mvp_full.jsonl
[eval.mvp] Loaded split assignments | split_pairs=989 split_samples=1978
[eval.mvp] Prepared samples | n_pairs_before_trim=989 n_samples_before_trim=1978 n_pairs_after_trim=989 n_samples_after_trim=1978 max_pairs=0
[eval.mvp] Generated predictions | n_predictions=1978
[eval.mvp] Scoring complete | accuracy=61.0212 pair_consistency=29.5248 n_pairs=989 n_samples=1978
[eval.mvp] Artifacts written | output_dir=artifacts/probes/mvp/mvp_probe_linear_ltx_video_ltxv_13b_0_9_8_distilled_20260510T113414Z/layer_noise_0.6_block_48/train/trial_0017/val_eval
[I 2026-05-10 16:16:00,527] Trial 17 finished with value: 29.524772497472195 and parameters: {'lr': 0.007985634897281529, 'weight_decay': 1.2297660068623619e-05, 'batch_size': 32, 'epochs': 20}. Best is trial 0 with value: 41.05156723963599.
[I 2026-05-10 16:16:24,524] Trial 18 pruned. Pruned at epoch 116 with val_accuracy=64.6613
[I 2026-05-10 16:16:47,842] Trial 19 pruned. Pruned at epoch 116 with val_accuracy=56.6734
[eval.mvp] Starting eval | split_name=train split_dir=data/splits/mvp/full_60_20_20 predictor_mode=from_file annotation_file=data/annotations/mvp_full.jsonl
[eval.mvp] Loaded split assignments | split_pairs=2965 split_samples=5930
[eval.mvp] Prepared samples | n_pairs_before_trim=2965 n_samples_before_trim=5930 n_pairs_after_trim=2965 n_samples_after_trim=5930 max_pairs=0
[eval.mvp] Generated predictions | n_predictions=5930
[eval.mvp] Scoring complete | accuracy=83.5582 pair_consistency=69.4435 n_pairs=2965 n_samples=5930
[eval.mvp] Artifacts written | output_dir=artifacts/probes/mvp/mvp_probe_linear_ltx_video_ltxv_13b_0_9_8_distilled_20260510T113414Z/layer_noise_0.6_block_48/eval/train
[eval.mvp] Starting eval | split_name=val split_dir=data/splits/mvp/full_60_20_20 predictor_mode=from_file annotation_file=data/annotations/mvp_full.jsonl
[eval.mvp] Loaded split assignments | split_pairs=989 split_samples=1978
[eval.mvp] Prepared samples | n_pairs_before_trim=989 n_samples_before_trim=1978 n_pairs_after_trim=989 n_samples_after_trim=1978 max_pairs=0
[eval.mvp] Generated predictions | n_predictions=1978
[eval.mvp] Scoring complete | accuracy=66.5319 pair_consistency=41.0516 n_pairs=989 n_samples=1978
[eval.mvp] Artifacts written | output_dir=artifacts/probes/mvp/mvp_probe_linear_ltx_video_ltxv_13b_0_9_8_distilled_20260510T113414Z/layer_noise_0.6_block_48/eval/val
[eval.mvp] Starting eval | split_name=test split_dir=data/splits/mvp/full_60_20_20 predictor_mode=from_file annotation_file=data/annotations/mvp_full.jsonl
[eval.mvp] Loaded split assignments | split_pairs=989 split_samples=1978
[eval.mvp] Prepared samples | n_pairs_before_trim=989 n_samples_before_trim=1978 n_pairs_after_trim=989 n_samples_after_trim=1978 max_pairs=0
[eval.mvp] Generated predictions | n_predictions=1978
[eval.mvp] Scoring complete | accuracy=65.8746 pair_consistency=41.8605 n_pairs=989 n_samples=1978
[eval.mvp] Artifacts written | output_dir=artifacts/probes/mvp/mvp_probe_linear_ltx_video_ltxv_13b_0_9_8_distilled_20260510T113414Z/layer_noise_0.6_block_48/eval/test
[I 2026-05-10 16:16:56,584] A new study created in RDB with name: mvp_linear_ltx_video_layer_noise_0.5_block_48
[eval.mvp] Starting eval | split_name=val split_dir=data/splits/mvp/full_60_20_20 predictor_mode=from_file annotation_file=data/annotations/mvp_full.jsonl
[eval.mvp] Loaded split assignments | split_pairs=989 split_samples=1978
[eval.mvp] Prepared samples | n_pairs_before_trim=989 n_samples_before_trim=1978 n_pairs_after_trim=989 n_samples_after_trim=1978 max_pairs=0
[eval.mvp] Generated predictions | n_predictions=1978
[eval.mvp] Scoring complete | accuracy=66.9363 pair_consistency=42.0627 n_pairs=989 n_samples=1978
[eval.mvp] Artifacts written | output_dir=artifacts/probes/mvp/mvp_probe_linear_ltx_video_ltxv_13b_0_9_8_distilled_20260510T113414Z/layer_noise_0.5_block_48/train/trial_0000/val_eval
[I 2026-05-10 16:25:16,250] Trial 0 finished with value: 42.06268958543984 and parameters: {'lr': 0.0001329291894316216, 'weight_decay': 0.005061576888752304, 'batch_size': 32, 'epochs': 2000}. Best is trial 0 with value: 42.06268958543984.
[eval.mvp] Starting eval | split_name=val split_dir=data/splits/mvp/full_60_20_20 predictor_mode=from_file annotation_file=data/annotations/mvp_full.jsonl
[eval.mvp] Loaded split assignments | split_pairs=989 split_samples=1978
[eval.mvp] Prepared samples | n_pairs_before_trim=989 n_samples_before_trim=1978 n_pairs_after_trim=989 n_samples_after_trim=1978 max_pairs=0
[eval.mvp] Generated predictions | n_predictions=1978
[eval.mvp] Scoring complete | accuracy=65.1668 pair_consistency=38.3215 n_pairs=989 n_samples=1978
[eval.mvp] Artifacts written | output_dir=artifacts/probes/mvp/mvp_probe_linear_ltx_video_ltxv_13b_0_9_8_distilled_20260510T113414Z/layer_noise_0.5_block_48/train/trial_0001/val_eval
[I 2026-05-10 16:25:40,288] Trial 1 finished with value: 38.32153690596562 and parameters: {'lr': 0.00314288089084011, 'weight_decay': 1.879466824163843e-07, 'batch_size': 256, 'epochs': 100}. Best is trial 0 with value: 42.06268958543984.
[eval.mvp] Starting eval | split_name=val split_dir=data/splits/mvp/full_60_20_20 predictor_mode=from_file annotation_file=data/annotations/mvp_full.jsonl
[eval.mvp] Loaded split assignments | split_pairs=989 split_samples=1978
[eval.mvp] Prepared samples | n_pairs_before_trim=989 n_samples_before_trim=1978 n_pairs_after_trim=989 n_samples_after_trim=1978 max_pairs=0
[eval.mvp] Generated predictions | n_predictions=1978
[eval.mvp] Scoring complete | accuracy=66.8857 pair_consistency=42.1638 n_pairs=989 n_samples=1978
[eval.mvp] Artifacts written | output_dir=artifacts/probes/mvp/mvp_probe_linear_ltx_video_ltxv_13b_0_9_8_distilled_20260510T113414Z/layer_noise_0.5_block_48/train/trial_0002/val_eval
[I 2026-05-10 16:28:13,728] Trial 2 finished with value: 42.163801820020225 and parameters: {'lr': 0.00023345864076016249, 'weight_decay': 0.0005141096648805752, 'batch_size': 128, 'epochs': 1000}. Best is trial 2 with value: 42.163801820020225.
[eval.mvp] Starting eval | split_name=val split_dir=data/splits/mvp/full_60_20_20 predictor_mode=from_file annotation_file=data/annotations/mvp_full.jsonl
[eval.mvp] Loaded split assignments | split_pairs=989 split_samples=1978
[eval.mvp] Prepared samples | n_pairs_before_trim=989 n_samples_before_trim=1978 n_pairs_after_trim=989 n_samples_after_trim=1978 max_pairs=0
[eval.mvp] Generated predictions | n_predictions=1978
[eval.mvp] Scoring complete | accuracy=64.5096 pair_consistency=38.6249 n_pairs=989 n_samples=1978
[eval.mvp] Artifacts written | output_dir=artifacts/probes/mvp/mvp_probe_linear_ltx_video_ltxv_13b_0_9_8_distilled_20260510T113414Z/layer_noise_0.5_block_48/train/trial_0003/val_eval
[I 2026-05-10 16:28:40,209] Trial 3 finished with value: 38.624873609706775 and parameters: {'lr': 8.200518402245828e-05, 'weight_decay': 3.855073690026179e-08, 'batch_size': 32, 'epochs': 50}. Best is trial 2 with value: 42.163801820020225.
[eval.mvp] Starting eval | split_name=val split_dir=data/splits/mvp/full_60_20_20 predictor_mode=from_file annotation_file=data/annotations/mvp_full.jsonl
[eval.mvp] Loaded split assignments | split_pairs=989 split_samples=1978
[eval.mvp] Prepared samples | n_pairs_before_trim=989 n_samples_before_trim=1978 n_pairs_after_trim=989 n_samples_after_trim=1978 max_pairs=0
[eval.mvp] Generated predictions | n_predictions=1978
[eval.mvp] Scoring complete | accuracy=65.6724 pair_consistency=40.8493 n_pairs=989 n_samples=1978
[eval.mvp] Artifacts written | output_dir=artifacts/probes/mvp/mvp_probe_linear_ltx_video_ltxv_13b_0_9_8_distilled_20260510T113414Z/layer_noise_0.5_block_48/train/trial_0004/val_eval
[I 2026-05-10 16:29:03,505] Trial 4 finished with value: 40.849342770475225 and parameters: {'lr': 0.00043664735929796326, 'weight_decay': 1.2856617791467908e-07, 'batch_size': 32, 'epochs': 50}. Best is trial 2 with value: 42.163801820020225.
[eval.mvp] Starting eval | split_name=val split_dir=data/splits/mvp/full_60_20_20 predictor_mode=from_file annotation_file=data/annotations/mvp_full.jsonl
[eval.mvp] Loaded split assignments | split_pairs=989 split_samples=1978
[eval.mvp] Prepared samples | n_pairs_before_trim=989 n_samples_before_trim=1978 n_pairs_after_trim=989 n_samples_after_trim=1978 max_pairs=0
[eval.mvp] Generated predictions | n_predictions=1978
[eval.mvp] Scoring complete | accuracy=67.1385 pair_consistency=42.7705 n_pairs=989 n_samples=1978
[eval.mvp] Artifacts written | output_dir=artifacts/probes/mvp/mvp_probe_linear_ltx_video_ltxv_13b_0_9_8_distilled_20260510T113414Z/layer_noise_0.5_block_48/train/trial_0005/val_eval
[I 2026-05-10 16:31:10,922] Trial 5 finished with value: 42.77047522750253 and parameters: {'lr': 0.00014656553886225324, 'weight_decay': 4.247116662617142e-07, 'batch_size': 32, 'epochs': 500}. Best is trial 5 with value: 42.77047522750253.
[I 2026-05-10 16:31:28,601] Trial 6 pruned. Pruned at epoch 100 with val_accuracy=57.7351
[I 2026-05-10 16:31:46,738] Trial 7 pruned. Pruned at epoch 103 with val_accuracy=64.5096
[eval.mvp] Starting eval | split_name=val split_dir=data/splits/mvp/full_60_20_20 predictor_mode=from_file annotation_file=data/annotations/mvp_full.jsonl
[eval.mvp] Loaded split assignments | split_pairs=989 split_samples=1978
[eval.mvp] Prepared samples | n_pairs_before_trim=989 n_samples_before_trim=1978 n_pairs_after_trim=989 n_samples_after_trim=1978 max_pairs=0
[eval.mvp] Generated predictions | n_predictions=1978
[eval.mvp] Scoring complete | accuracy=65.1163 pair_consistency=39.8382 n_pairs=989 n_samples=1978
[eval.mvp] Artifacts written | output_dir=artifacts/probes/mvp/mvp_probe_linear_ltx_video_ltxv_13b_0_9_8_distilled_20260510T113414Z/layer_noise_0.5_block_48/train/trial_0008/val_eval
[I 2026-05-10 16:32:10,508] Trial 8 finished with value: 39.838220424671384 and parameters: {'lr': 0.0003699972431463808, 'weight_decay': 3.6749049453053196e-06, 'batch_size': 256, 'epochs': 100}. Best is trial 5 with value: 42.77047522750253.
[I 2026-05-10 16:32:28,488] Trial 9 pruned. Pruned at epoch 100 with val_accuracy=63.3468
[I 2026-05-10 16:32:52,449] Trial 10 pruned. Pruned at epoch 126 with val_accuracy=64.1557
[I 2026-05-10 16:33:17,978] Trial 11 pruned. Pruned at epoch 126 with val_accuracy=66.0768
[eval.mvp] Starting eval | split_name=val split_dir=data/splits/mvp/full_60_20_20 predictor_mode=from_file annotation_file=data/annotations/mvp_full.jsonl
[eval.mvp] Loaded split assignments | split_pairs=989 split_samples=1978
[eval.mvp] Prepared samples | n_pairs_before_trim=989 n_samples_before_trim=1978 n_pairs_after_trim=989 n_samples_after_trim=1978 max_pairs=0
[eval.mvp] Generated predictions | n_predictions=1978
[eval.mvp] Scoring complete | accuracy=57.9373 pair_consistency=26.5925 n_pairs=989 n_samples=1978
[eval.mvp] Artifacts written | output_dir=artifacts/probes/mvp/mvp_probe_linear_ltx_video_ltxv_13b_0_9_8_distilled_20260510T113414Z/layer_noise_0.5_block_48/train/trial_0012/val_eval
[I 2026-05-10 16:33:36,119] Trial 12 finished with value: 26.59251769464105 and parameters: {'lr': 2.2755402608782516e-05, 'weight_decay': 0.00032275708486244494, 'batch_size': 32, 'epochs': 20}. Best is trial 5 with value: 42.77047522750253.
[I 2026-05-10 16:33:56,725] Trial 13 pruned. Pruned at epoch 126 with val_accuracy=65.9252
[I 2026-05-10 16:34:29,961] Trial 14 pruned. Pruned at epoch 126 with val_accuracy=61.9818
[eval.mvp] Starting eval | split_name=val split_dir=data/splits/mvp/full_60_20_20 predictor_mode=from_file annotation_file=data/annotations/mvp_full.jsonl
[eval.mvp] Loaded split assignments | split_pairs=989 split_samples=1978
[eval.mvp] Prepared samples | n_pairs_before_trim=989 n_samples_before_trim=1978 n_pairs_after_trim=989 n_samples_after_trim=1978 max_pairs=0
[eval.mvp] Generated predictions | n_predictions=1978
[eval.mvp] Scoring complete | accuracy=55.9656 pair_consistency=23.8625 n_pairs=989 n_samples=1978
[eval.mvp] Artifacts written | output_dir=artifacts/probes/mvp/mvp_probe_linear_ltx_video_ltxv_13b_0_9_8_distilled_20260510T113414Z/layer_noise_0.5_block_48/train/trial_0015/val_eval
[I 2026-05-10 16:34:46,823] Trial 15 finished with value: 23.86248736097068 and parameters: {'lr': 4.154539727288801e-05, 'weight_decay': 0.0001371575145876111, 'batch_size': 128, 'epochs': 20}. Best is trial 5 with value: 42.77047522750253.
[I 2026-05-10 16:35:05,400] Trial 16 pruned. Pruned at epoch 103 with val_accuracy=64.8129
[I 2026-05-10 16:35:28,537] Trial 17 pruned. Pruned at epoch 102 with val_accuracy=64.8129
[I 2026-05-10 16:36:01,751] Trial 18 pruned. Pruned at epoch 126 with val_accuracy=62.3357
[I 2026-05-10 16:36:22,698] Trial 19 pruned. Pruned at epoch 102 with val_accuracy=64.5096
[eval.mvp] Starting eval | split_name=train split_dir=data/splits/mvp/full_60_20_20 predictor_mode=from_file annotation_file=data/annotations/mvp_full.jsonl
[eval.mvp] Loaded split assignments | split_pairs=2965 split_samples=5930
[eval.mvp] Prepared samples | n_pairs_before_trim=2965 n_samples_before_trim=5930 n_pairs_after_trim=2965 n_samples_after_trim=5930 max_pairs=0
[eval.mvp] Generated predictions | n_predictions=5930
[eval.mvp] Scoring complete | accuracy=84.3676 pair_consistency=70.7251 n_pairs=2965 n_samples=5930
[eval.mvp] Artifacts written | output_dir=artifacts/probes/mvp/mvp_probe_linear_ltx_video_ltxv_13b_0_9_8_distilled_20260510T113414Z/layer_noise_0.5_block_48/eval/train
[eval.mvp] Starting eval | split_name=val split_dir=data/splits/mvp/full_60_20_20 predictor_mode=from_file annotation_file=data/annotations/mvp_full.jsonl
[eval.mvp] Loaded split assignments | split_pairs=989 split_samples=1978
[eval.mvp] Prepared samples | n_pairs_before_trim=989 n_samples_before_trim=1978 n_pairs_after_trim=989 n_samples_after_trim=1978 max_pairs=0
[eval.mvp] Generated predictions | n_predictions=1978
[eval.mvp] Scoring complete | accuracy=67.1385 pair_consistency=42.7705 n_pairs=989 n_samples=1978
[eval.mvp] Artifacts written | output_dir=artifacts/probes/mvp/mvp_probe_linear_ltx_video_ltxv_13b_0_9_8_distilled_20260510T113414Z/layer_noise_0.5_block_48/eval/val
[eval.mvp] Starting eval | split_name=test split_dir=data/splits/mvp/full_60_20_20 predictor_mode=from_file annotation_file=data/annotations/mvp_full.jsonl
[eval.mvp] Loaded split assignments | split_pairs=989 split_samples=1978
[eval.mvp] Prepared samples | n_pairs_before_trim=989 n_samples_before_trim=1978 n_pairs_after_trim=989 n_samples_after_trim=1978 max_pairs=0
[eval.mvp] Generated predictions | n_predictions=1978
[eval.mvp] Scoring complete | accuracy=65.7230 pair_consistency=41.2538 n_pairs=989 n_samples=1978
[eval.mvp] Artifacts written | output_dir=artifacts/probes/mvp/mvp_probe_linear_ltx_video_ltxv_13b_0_9_8_distilled_20260510T113414Z/layer_noise_0.5_block_48/eval/test
[I 2026-05-10 16:36:31,953] A new study created in RDB with name: mvp_linear_ltx_video_layer_noise_0.4_block_48
[eval.mvp] Starting eval | split_name=val split_dir=data/splits/mvp/full_60_20_20 predictor_mode=from_file annotation_file=data/annotations/mvp_full.jsonl
[eval.mvp] Loaded split assignments | split_pairs=989 split_samples=1978
[eval.mvp] Prepared samples | n_pairs_before_trim=989 n_samples_before_trim=1978 n_pairs_after_trim=989 n_samples_after_trim=1978 max_pairs=0
[eval.mvp] Generated predictions | n_predictions=1978
[eval.mvp] Scoring complete | accuracy=66.1780 pair_consistency=41.5571 n_pairs=989 n_samples=1978
[eval.mvp] Artifacts written | output_dir=artifacts/probes/mvp/mvp_probe_linear_ltx_video_ltxv_13b_0_9_8_distilled_20260510T113414Z/layer_noise_0.4_block_48/train/trial_0000/val_eval
