[I 2026-05-10 20:29:19,912] Trial 0 finished with value: 44.28715874620829 and parameters: {'lr': 0.0001329291894316216, 'weight_decay': 0.005061576888752304, 'batch_size': 32, 'epochs': 2000}. Best is trial 0 with value: 44.28715874620829.
[eval.mvp] Starting eval | split_name=val split_dir=data/splits/mvp/full_60_20_20 predictor_mode=from_file annotation_file=data/annotations/mvp_full.jsonl
[eval.mvp] Loaded split assignments | split_pairs=989 split_samples=1978
[eval.mvp] Prepared samples | n_pairs_before_trim=989 n_samples_before_trim=1978 n_pairs_after_trim=989 n_samples_after_trim=1978 max_pairs=0
[eval.mvp] Generated predictions | n_predictions=1978
[eval.mvp] Scoring complete | accuracy=63.3974 pair_consistency=33.5693 n_pairs=989 n_samples=1978
[eval.mvp] Artifacts written | output_dir=artifacts/probes/mvp/mvp_probe_linear_ltx_video_ltxv_13b_0_9_8_distilled_20260510T113414Z/layer_noise_0.3_block_12/train/trial_0001/val_eval
[I 2026-05-10 20:29:46,948] Trial 1 finished with value: 33.56926188068756 and parameters: {'lr': 0.00314288089084011, 'weight_decay': 1.879466824163843e-07, 'batch_size': 256, 'epochs': 100}. Best is trial 0 with value: 44.28715874620829.
[eval.mvp] Starting eval | split_name=val split_dir=data/splits/mvp/full_60_20_20 predictor_mode=from_file annotation_file=data/annotations/mvp_full.jsonl
[eval.mvp] Loaded split assignments | split_pairs=989 split_samples=1978
[eval.mvp] Prepared samples | n_pairs_before_trim=989 n_samples_before_trim=1978 n_pairs_after_trim=989 n_samples_after_trim=1978 max_pairs=0
[eval.mvp] Generated predictions | n_predictions=1978
[eval.mvp] Scoring complete | accuracy=66.0263 pair_consistency=41.1527 n_pairs=989 n_samples=1978
[eval.mvp] Artifacts written | output_dir=artifacts/probes/mvp/mvp_probe_linear_ltx_video_ltxv_13b_0_9_8_distilled_20260510T113414Z/layer_noise_0.3_block_12/train/trial_0002/val_eval
[I 2026-05-10 20:32:23,558] Trial 2 finished with value: 41.15267947421638 and parameters: {'lr': 0.00023345864076016249, 'weight_decay': 0.0005141096648805752, 'batch_size': 128, 'epochs': 1000}. Best is trial 0 with value: 44.28715874620829.
[eval.mvp] Starting eval | split_name=val split_dir=data/splits/mvp/full_60_20_20 predictor_mode=from_file annotation_file=data/annotations/mvp_full.jsonl
[eval.mvp] Loaded split assignments | split_pairs=989 split_samples=1978
[eval.mvp] Prepared samples | n_pairs_before_trim=989 n_samples_before_trim=1978 n_pairs_after_trim=989 n_samples_after_trim=1978 max_pairs=0
[eval.mvp] Generated predictions | n_predictions=1978
[eval.mvp] Scoring complete | accuracy=61.6279 pair_consistency=32.1537 n_pairs=989 n_samples=1978
[eval.mvp] Artifacts written | output_dir=artifacts/probes/mvp/mvp_probe_linear_ltx_video_ltxv_13b_0_9_8_distilled_20260510T113414Z/layer_noise_0.3_block_12/train/trial_0003/val_eval
[I 2026-05-10 20:32:49,334] Trial 3 finished with value: 32.153690596562186 and parameters: {'lr': 8.200518402245828e-05, 'weight_decay': 3.855073690026179e-08, 'batch_size': 32, 'epochs': 50}. Best is trial 0 with value: 44.28715874620829.
[eval.mvp] Starting eval | split_name=val split_dir=data/splits/mvp/full_60_20_20 predictor_mode=from_file annotation_file=data/annotations/mvp_full.jsonl
[eval.mvp] Loaded split assignments | split_pairs=989 split_samples=1978
[eval.mvp] Prepared samples | n_pairs_before_trim=989 n_samples_before_trim=1978 n_pairs_after_trim=989 n_samples_after_trim=1978 max_pairs=0
[eval.mvp] Generated predictions | n_predictions=1978
[eval.mvp] Scoring complete | accuracy=62.3862 pair_consistency=33.8726 n_pairs=989 n_samples=1978
[eval.mvp] Artifacts written | output_dir=artifacts/probes/mvp/mvp_probe_linear_ltx_video_ltxv_13b_0_9_8_distilled_20260510T113414Z/layer_noise_0.3_block_12/train/trial_0004/val_eval
[I 2026-05-10 20:33:16,072] Trial 4 finished with value: 33.872598584428715 and parameters: {'lr': 0.00043664735929796326, 'weight_decay': 1.2856617791467908e-07, 'batch_size': 32, 'epochs': 50}. Best is trial 0 with value: 44.28715874620829.
[eval.mvp] Starting eval | split_name=val split_dir=data/splits/mvp/full_60_20_20 predictor_mode=from_file annotation_file=data/annotations/mvp_full.jsonl
[eval.mvp] Loaded split assignments | split_pairs=989 split_samples=1978
[eval.mvp] Prepared samples | n_pairs_before_trim=989 n_samples_before_trim=1978 n_pairs_after_trim=989 n_samples_after_trim=1978 max_pairs=0
[eval.mvp] Generated predictions | n_predictions=1978
[eval.mvp] Scoring complete | accuracy=66.1274 pair_consistency=37.5126 n_pairs=989 n_samples=1978
[eval.mvp] Artifacts written | output_dir=artifacts/probes/mvp/mvp_probe_linear_ltx_video_ltxv_13b_0_9_8_distilled_20260510T113414Z/layer_noise_0.3_block_12/train/trial_0005/val_eval
[I 2026-05-10 20:35:23,308] Trial 5 finished with value: 37.51263902932255 and parameters: {'lr': 0.00014656553886225324, 'weight_decay': 4.247116662617142e-07, 'batch_size': 32, 'epochs': 500}. Best is trial 0 with value: 44.28715874620829.
[I 2026-05-10 20:35:41,625] Trial 6 pruned. Pruned at epoch 100 with val_accuracy=55.9151
[I 2026-05-10 20:36:03,759] Trial 7 pruned. Pruned at epoch 100 with val_accuracy=58.3418
[eval.mvp] Starting eval | split_name=val split_dir=data/splits/mvp/full_60_20_20 predictor_mode=from_file annotation_file=data/annotations/mvp_full.jsonl
[eval.mvp] Loaded split assignments | split_pairs=989 split_samples=1978
[eval.mvp] Prepared samples | n_pairs_before_trim=989 n_samples_before_trim=1978 n_pairs_after_trim=989 n_samples_after_trim=1978 max_pairs=0
[eval.mvp] Generated predictions | n_predictions=1978
[eval.mvp] Scoring complete | accuracy=62.4874 pair_consistency=33.5693 n_pairs=989 n_samples=1978
[eval.mvp] Artifacts written | output_dir=artifacts/probes/mvp/mvp_probe_linear_ltx_video_ltxv_13b_0_9_8_distilled_20260510T113414Z/layer_noise_0.3_block_12/train/trial_0008/val_eval
[I 2026-05-10 20:36:32,062] Trial 8 finished with value: 33.56926188068756 and parameters: {'lr': 0.0003699972431463808, 'weight_decay': 3.6749049453053196e-06, 'batch_size': 256, 'epochs': 100}. Best is trial 0 with value: 44.28715874620829.
[I 2026-05-10 20:36:53,554] Trial 9 pruned. Pruned at epoch 100 with val_accuracy=56.4712
[eval.mvp] Starting eval | split_name=val split_dir=data/splits/mvp/full_60_20_20 predictor_mode=from_file annotation_file=data/annotations/mvp_full.jsonl
[eval.mvp] Loaded split assignments | split_pairs=989 split_samples=1978
[eval.mvp] Prepared samples | n_pairs_before_trim=989 n_samples_before_trim=1978 n_pairs_after_trim=989 n_samples_after_trim=1978 max_pairs=0
[eval.mvp] Generated predictions | n_predictions=1978
[eval.mvp] Scoring complete | accuracy=68.0485 pair_consistency=42.3660 n_pairs=989 n_samples=1978
[eval.mvp] Artifacts written | output_dir=artifacts/probes/mvp/mvp_probe_linear_ltx_video_ltxv_13b_0_9_8_distilled_20260510T113414Z/layer_noise_0.3_block_12/train/trial_0010/val_eval
[I 2026-05-10 20:43:20,894] Trial 10 finished with value: 42.366026289180994 and parameters: {'lr': 0.002146403547714585, 'weight_decay': 0.003955232336089218, 'batch_size': 64, 'epochs': 2000}. Best is trial 0 with value: 44.28715874620829.
[eval.mvp] Starting eval | split_name=val split_dir=data/splits/mvp/full_60_20_20 predictor_mode=from_file annotation_file=data/annotations/mvp_full.jsonl
[eval.mvp] Loaded split assignments | split_pairs=989 split_samples=1978
[eval.mvp] Prepared samples | n_pairs_before_trim=989 n_samples_before_trim=1978 n_pairs_after_trim=989 n_samples_after_trim=1978 max_pairs=0
[eval.mvp] Generated predictions | n_predictions=1978
[eval.mvp] Scoring complete | accuracy=67.7958 pair_consistency=40.1416 n_pairs=989 n_samples=1978
[eval.mvp] Artifacts written | output_dir=artifacts/probes/mvp/mvp_probe_linear_ltx_video_ltxv_13b_0_9_8_distilled_20260510T113414Z/layer_noise_0.3_block_12/train/trial_0011/val_eval
[I 2026-05-10 20:49:50,386] Trial 11 finished with value: 40.141557128412536 and parameters: {'lr': 0.003314446871588109, 'weight_decay': 0.002792471643386217, 'batch_size': 64, 'epochs': 2000}. Best is trial 0 with value: 44.28715874620829.
[eval.mvp] Starting eval | split_name=val split_dir=data/splits/mvp/full_60_20_20 predictor_mode=from_file annotation_file=data/annotations/mvp_full.jsonl
[eval.mvp] Loaded split assignments | split_pairs=989 split_samples=1978
[eval.mvp] Prepared samples | n_pairs_before_trim=989 n_samples_before_trim=1978 n_pairs_after_trim=989 n_samples_after_trim=1978 max_pairs=0
[eval.mvp] Generated predictions | n_predictions=1978
[eval.mvp] Scoring complete | accuracy=68.3519 pair_consistency=44.4894 n_pairs=989 n_samples=1978
[eval.mvp] Artifacts written | output_dir=artifacts/probes/mvp/mvp_probe_linear_ltx_video_ltxv_13b_0_9_8_distilled_20260510T113414Z/layer_noise_0.3_block_12/train/trial_0012/val_eval
[I 2026-05-10 20:56:19,838] Trial 12 finished with value: 44.48938321536906 and parameters: {'lr': 0.0010545829355582924, 'weight_decay': 7.2824316925744e-05, 'batch_size': 64, 'epochs': 2000}. Best is trial 12 with value: 44.48938321536906.
[eval.mvp] Starting eval | split_name=val split_dir=data/splits/mvp/full_60_20_20 predictor_mode=from_file annotation_file=data/annotations/mvp_full.jsonl
[eval.mvp] Loaded split assignments | split_pairs=989 split_samples=1978
[eval.mvp] Prepared samples | n_pairs_before_trim=989 n_samples_before_trim=1978 n_pairs_after_trim=989 n_samples_after_trim=1978 max_pairs=0
[eval.mvp] Generated predictions | n_predictions=1978
[eval.mvp] Scoring complete | accuracy=60.8696 pair_consistency=30.0303 n_pairs=989 n_samples=1978
[eval.mvp] Artifacts written | output_dir=artifacts/probes/mvp/mvp_probe_linear_ltx_video_ltxv_13b_0_9_8_distilled_20260510T113414Z/layer_noise_0.3_block_12/train/trial_0013/val_eval
[I 2026-05-10 20:56:41,112] Trial 13 finished with value: 30.030333670374116 and parameters: {'lr': 0.0009827696709910616, 'weight_decay': 5.121156511240776e-05, 'batch_size': 64, 'epochs': 20}. Best is trial 12 with value: 44.48938321536906.
[eval.mvp] Starting eval | split_name=val split_dir=data/splits/mvp/full_60_20_20 predictor_mode=from_file annotation_file=data/annotations/mvp_full.jsonl
[eval.mvp] Loaded split assignments | split_pairs=989 split_samples=1978
[eval.mvp] Prepared samples | n_pairs_before_trim=989 n_samples_before_trim=1978 n_pairs_after_trim=989 n_samples_after_trim=1978 max_pairs=0
[eval.mvp] Generated predictions | n_predictions=1978
[eval.mvp] Scoring complete | accuracy=68.6552 pair_consistency=42.2649 n_pairs=989 n_samples=1978
[eval.mvp] Artifacts written | output_dir=artifacts/probes/mvp/mvp_probe_linear_ltx_video_ltxv_13b_0_9_8_distilled_20260510T113414Z/layer_noise_0.3_block_12/train/trial_0014/val_eval
[I 2026-05-10 21:05:03,663] Trial 14 finished with value: 42.2649140546006 and parameters: {'lr': 0.008768914033240791, 'weight_decay': 5.208089123939764e-05, 'batch_size': 32, 'epochs': 2000}. Best is trial 12 with value: 44.48938321536906.
[I 2026-05-10 21:05:26,345] Trial 15 pruned. Pruned at epoch 100 with val_accuracy=57.5329
[eval.mvp] Starting eval | split_name=val split_dir=data/splits/mvp/full_60_20_20 predictor_mode=from_file annotation_file=data/annotations/mvp_full.jsonl
[eval.mvp] Loaded split assignments | split_pairs=989 split_samples=1978
[eval.mvp] Prepared samples | n_pairs_before_trim=989 n_samples_before_trim=1978 n_pairs_after_trim=989 n_samples_after_trim=1978 max_pairs=0
[eval.mvp] Generated predictions | n_predictions=1978
[eval.mvp] Scoring complete | accuracy=68.5035 pair_consistency=42.7705 n_pairs=989 n_samples=1978
[eval.mvp] Artifacts written | output_dir=artifacts/probes/mvp/mvp_probe_linear_ltx_video_ltxv_13b_0_9_8_distilled_20260510T113414Z/layer_noise_0.3_block_12/train/trial_0016/val_eval
[I 2026-05-10 21:13:51,829] Trial 16 finished with value: 42.77047522750253 and parameters: {'lr': 0.0007637106304017803, 'weight_decay': 0.0003306331267262618, 'batch_size': 32, 'epochs': 2000}. Best is trial 12 with value: 44.48938321536906.
[eval.mvp] Starting eval | split_name=val split_dir=data/splits/mvp/full_60_20_20 predictor_mode=from_file annotation_file=data/annotations/mvp_full.jsonl
[eval.mvp] Loaded split assignments | split_pairs=989 split_samples=1978
[eval.mvp] Prepared samples | n_pairs_before_trim=989 n_samples_before_trim=1978 n_pairs_after_trim=989 n_samples_after_trim=1978 max_pairs=0
[eval.mvp] Generated predictions | n_predictions=1978
[eval.mvp] Scoring complete | accuracy=60.9201 pair_consistency=30.3337 n_pairs=989 n_samples=1978
[eval.mvp] Artifacts written | output_dir=artifacts/probes/mvp/mvp_probe_linear_ltx_video_ltxv_13b_0_9_8_distilled_20260510T113414Z/layer_noise_0.3_block_12/train/trial_0017/val_eval
[I 2026-05-10 21:14:11,179] Trial 17 finished with value: 30.33367037411527 and parameters: {'lr': 0.00089752676716181, 'weight_decay': 0.009222716444202346, 'batch_size': 64, 'epochs': 20}. Best is trial 12 with value: 44.48938321536906.
[I 2026-05-10 21:14:30,464] Trial 18 pruned. Pruned at epoch 100 with val_accuracy=59.0495
[eval.mvp] Starting eval | split_name=val split_dir=data/splits/mvp/full_60_20_20 predictor_mode=from_file annotation_file=data/annotations/mvp_full.jsonl
[eval.mvp] Loaded split assignments | split_pairs=989 split_samples=1978
[eval.mvp] Prepared samples | n_pairs_before_trim=989 n_samples_before_trim=1978 n_pairs_after_trim=989 n_samples_after_trim=1978 max_pairs=0
[eval.mvp] Generated predictions | n_predictions=1978
[eval.mvp] Scoring complete | accuracy=68.5035 pair_consistency=44.1860 n_pairs=989 n_samples=1978
[eval.mvp] Artifacts written | output_dir=artifacts/probes/mvp/mvp_probe_linear_ltx_video_ltxv_13b_0_9_8_distilled_20260510T113414Z/layer_noise_0.3_block_12/train/trial_0019/val_eval
[I 2026-05-10 21:21:00,735] Trial 19 finished with value: 44.18604651162791 and parameters: {'lr': 0.007214339092457331, 'weight_decay': 0.00018048926225317156, 'batch_size': 64, 'epochs': 2000}. Best is trial 12 with value: 44.48938321536906.
[eval.mvp] Starting eval | split_name=train split_dir=data/splits/mvp/full_60_20_20 predictor_mode=from_file annotation_file=data/annotations/mvp_full.jsonl
[eval.mvp] Loaded split assignments | split_pairs=2965 split_samples=5930
[eval.mvp] Prepared samples | n_pairs_before_trim=2965 n_samples_before_trim=5930 n_pairs_after_trim=2965 n_samples_after_trim=5930 max_pairs=0
[eval.mvp] Generated predictions | n_predictions=5930
[eval.mvp] Scoring complete | accuracy=77.3356 pair_consistency=57.7740 n_pairs=2965 n_samples=5930
[eval.mvp] Artifacts written | output_dir=artifacts/probes/mvp/mvp_probe_linear_ltx_video_ltxv_13b_0_9_8_distilled_20260510T113414Z/layer_noise_0.3_block_12/eval/train
[eval.mvp] Starting eval | split_name=val split_dir=data/splits/mvp/full_60_20_20 predictor_mode=from_file annotation_file=data/annotations/mvp_full.jsonl
[eval.mvp] Loaded split assignments | split_pairs=989 split_samples=1978
[eval.mvp] Prepared samples | n_pairs_before_trim=989 n_samples_before_trim=1978 n_pairs_after_trim=989 n_samples_after_trim=1978 max_pairs=0
[eval.mvp] Generated predictions | n_predictions=1978
[eval.mvp] Scoring complete | accuracy=68.3519 pair_consistency=44.4894 n_pairs=989 n_samples=1978
[eval.mvp] Artifacts written | output_dir=artifacts/probes/mvp/mvp_probe_linear_ltx_video_ltxv_13b_0_9_8_distilled_20260510T113414Z/layer_noise_0.3_block_12/eval/val
[eval.mvp] Starting eval | split_name=test split_dir=data/splits/mvp/full_60_20_20 predictor_mode=from_file annotation_file=data/annotations/mvp_full.jsonl
[eval.mvp] Loaded split assignments | split_pairs=989 split_samples=1978
[eval.mvp] Prepared samples | n_pairs_before_trim=989 n_samples_before_trim=1978 n_pairs_after_trim=989 n_samples_after_trim=1978 max_pairs=0
[eval.mvp] Generated predictions | n_predictions=1978
[eval.mvp] Scoring complete | accuracy=67.0880 pair_consistency=42.4671 n_pairs=989 n_samples=1978
[eval.mvp] Artifacts written | output_dir=artifacts/probes/mvp/mvp_probe_linear_ltx_video_ltxv_13b_0_9_8_distilled_20260510T113414Z/layer_noise_0.3_block_12/eval/test
[I 2026-05-10 21:21:11,405] A new study created in RDB with name: mvp_linear_ltx_video_layer_noise_0.2_block_12
[eval.mvp] Starting eval | split_name=val split_dir=data/splits/mvp/full_60_20_20 predictor_mode=from_file annotation_file=data/annotations/mvp_full.jsonl
[eval.mvp] Loaded split assignments | split_pairs=989 split_samples=1978
[eval.mvp] Prepared samples | n_pairs_before_trim=989 n_samples_before_trim=1978 n_pairs_after_trim=989 n_samples_after_trim=1978 max_pairs=0
[eval.mvp] Generated predictions | n_predictions=1978
[eval.mvp] Scoring complete | accuracy=67.2902 pair_consistency=38.8271 n_pairs=989 n_samples=1978
[eval.mvp] Artifacts written | output_dir=artifacts/probes/mvp/mvp_probe_linear_ltx_video_ltxv_13b_0_9_8_distilled_20260510T113414Z/layer_noise_0.2_block_12/train/trial_0000/val_eval
[I 2026-05-10 21:29:37,206] Trial 0 finished with value: 38.82709807886754 and parameters: {'lr': 0.0001329291894316216, 'weight_decay': 0.005061576888752304, 'batch_size': 32, 'epochs': 2000}. Best is trial 0 with value: 38.82709807886754.
[eval.mvp] Starting eval | split_name=val split_dir=data/splits/mvp/full_60_20_20 predictor_mode=from_file annotation_file=data/annotations/mvp_full.jsonl
[eval.mvp] Loaded split assignments | split_pairs=989 split_samples=1978
[eval.mvp] Prepared samples | n_pairs_before_trim=989 n_samples_before_trim=1978 n_pairs_after_trim=989 n_samples_after_trim=1978 max_pairs=0
[eval.mvp] Generated predictions | n_predictions=1978
[eval.mvp] Scoring complete | accuracy=61.6279 pair_consistency=31.0415 n_pairs=989 n_samples=1978
[eval.mvp] Artifacts written | output_dir=artifacts/probes/mvp/mvp_probe_linear_ltx_video_ltxv_13b_0_9_8_distilled_20260510T113414Z/layer_noise_0.2_block_12/train/trial_0001/val_eval
[I 2026-05-10 21:30:05,546] Trial 1 finished with value: 31.04145601617796 and parameters: {'lr': 0.00314288089084011, 'weight_decay': 1.879466824163843e-07, 'batch_size': 256, 'epochs': 100}. Best is trial 0 with value: 38.82709807886754.
[eval.mvp] Starting eval | split_name=val split_dir=data/splits/mvp/full_60_20_20 predictor_mode=from_file annotation_file=data/annotations/mvp_full.jsonl
[eval.mvp] Loaded split assignments | split_pairs=989 split_samples=1978
[eval.mvp] Prepared samples | n_pairs_before_trim=989 n_samples_before_trim=1978 n_pairs_after_trim=989 n_samples_after_trim=1978 max_pairs=0
[eval.mvp] Generated predictions | n_predictions=1978
[eval.mvp] Scoring complete | accuracy=65.9252 pair_consistency=41.7594 n_pairs=989 n_samples=1978
[eval.mvp] Artifacts written | output_dir=artifacts/probes/mvp/mvp_probe_linear_ltx_video_ltxv_13b_0_9_8_distilled_20260510T113414Z/layer_noise_0.2_block_12/train/trial_0002/val_eval
[I 2026-05-10 21:32:45,915] Trial 2 finished with value: 41.75935288169869 and parameters: {'lr': 0.00023345864076016249, 'weight_decay': 0.0005141096648805752, 'batch_size': 128, 'epochs': 1000}. Best is trial 2 with value: 41.75935288169869.
[eval.mvp] Starting eval | split_name=val split_dir=data/splits/mvp/full_60_20_20 predictor_mode=from_file annotation_file=data/annotations/mvp_full.jsonl
[eval.mvp] Loaded split assignments | split_pairs=989 split_samples=1978
[eval.mvp] Prepared samples | n_pairs_before_trim=989 n_samples_before_trim=1978 n_pairs_after_trim=989 n_samples_after_trim=1978 max_pairs=0
[eval.mvp] Generated predictions | n_predictions=1978
[eval.mvp] Scoring complete | accuracy=60.7685 pair_consistency=30.6370 n_pairs=989 n_samples=1978
[eval.mvp] Artifacts written | output_dir=artifacts/probes/mvp/mvp_probe_linear_ltx_video_ltxv_13b_0_9_8_distilled_20260510T113414Z/layer_noise_0.2_block_12/train/trial_0003/val_eval
[I 2026-05-10 21:33:12,550] Trial 3 finished with value: 30.63700707785642 and parameters: {'lr': 8.200518402245828e-05, 'weight_decay': 3.855073690026179e-08, 'batch_size': 32, 'epochs': 50}. Best is trial 2 with value: 41.75935288169869.
[eval.mvp] Starting eval | split_name=val split_dir=data/splits/mvp/full_60_20_20 predictor_mode=from_file annotation_file=data/annotations/mvp_full.jsonl
[eval.mvp] Loaded split assignments | split_pairs=989 split_samples=1978
[eval.mvp] Prepared samples | n_pairs_before_trim=989 n_samples_before_trim=1978 n_pairs_after_trim=989 n_samples_after_trim=1978 max_pairs=0
[eval.mvp] Generated predictions | n_predictions=1978
[eval.mvp] Scoring complete | accuracy=62.2346 pair_consistency=33.6704 n_pairs=989 n_samples=1978
[eval.mvp] Artifacts written | output_dir=artifacts/probes/mvp/mvp_probe_linear_ltx_video_ltxv_13b_0_9_8_distilled_20260510T113414Z/layer_noise_0.2_block_12/train/trial_0004/val_eval
[I 2026-05-10 21:33:45,770] Trial 4 finished with value: 33.67037411526795 and parameters: {'lr': 0.00043664735929796326, 'weight_decay': 1.2856617791467908e-07, 'batch_size': 32, 'epochs': 50}. Best is trial 2 with value: 41.75935288169869.
[eval.mvp] Starting eval | split_name=val split_dir=data/splits/mvp/full_60_20_20 predictor_mode=from_file annotation_file=data/annotations/mvp_full.jsonl
[eval.mvp] Loaded split assignments | split_pairs=989 split_samples=1978
[eval.mvp] Prepared samples | n_pairs_before_trim=989 n_samples_before_trim=1978 n_pairs_after_trim=989 n_samples_after_trim=1978 max_pairs=0
[eval.mvp] Generated predictions | n_predictions=1978
[eval.mvp] Scoring complete | accuracy=65.9757 pair_consistency=41.0516 n_pairs=989 n_samples=1978
[eval.mvp] Artifacts written | output_dir=artifacts/probes/mvp/mvp_probe_linear_ltx_video_ltxv_13b_0_9_8_distilled_20260510T113414Z/layer_noise_0.2_block_12/train/trial_0005/val_eval
[I 2026-05-10 21:35:55,804] Trial 5 finished with value: 41.05156723963599 and parameters: {'lr': 0.00014656553886225324, 'weight_decay': 4.247116662617142e-07, 'batch_size': 32, 'epochs': 500}. Best is trial 2 with value: 41.75935288169869.
[I 2026-05-10 21:36:16,747] Trial 6 pruned. Pruned at epoch 100 with val_accuracy=55.8645
