============================================================================================== 
Warning! Mixing Conda and module environments may lead to corruption of the
user environment. 
We do not recommend users mixing those two environments unless absolutely
necessary. Note that 
SURF does not provide any support for Conda environment.
For more information, please refer to our software policy page:
https://servicedesk.surf.nl/wiki/display/WIKI/Software+policy+Snellius#SoftwarepolicySnellius-UseofAnacondaandMinicondaenvironmentsonSnellius 

Remember that many packages have already been installed on the system and can
be loaded using 
the 'module load <package__name>' command. If you are uncertain if a package is
already available 
on the system, please use 'module avail' or 'module spider' to search for it.
============================================================================================== 
[I 2026-05-12 01:18:14,271] A new study created in RDB with name: mvp_mlp_ltx_video_layer_noise_0.5_block_36
[eval.mvp] Starting eval | split_name=val split_dir=data/splits/mvp/full_60_20_20 predictor_mode=from_file annotation_file=data/annotations/mvp_full.jsonl
[eval.mvp] Loaded split assignments | split_pairs=989 split_samples=1978
[eval.mvp] Prepared samples | n_pairs_before_trim=989 n_samples_before_trim=1978 n_pairs_after_trim=989 n_samples_after_trim=1978 max_pairs=0
[eval.mvp] Generated predictions | n_predictions=1978
[eval.mvp] Scoring complete | accuracy=81.5976 pair_consistency=67.4419 n_pairs=989 n_samples=1978
[eval.mvp] Artifacts written | output_dir=artifacts/probes/mvp/mvp_probe_mlp_ltx_video_retry_missing_20260511/layer_noise_0.5_block_36/train/trial_0000/val_eval
[I 2026-05-12 02:07:43,747] Trial 0 finished with value: 67.44186046511628 and parameters: {'lr': 0.0001329291894316216, 'weight_decay': 0.005061576888752304, 'batch_size': 32, 'epochs': 2000, 'hidden_dims': '256', 'dropout': 0.21597250932105788}. Best is trial 0 with value: 67.44186046511628.
[eval.mvp] Starting eval | split_name=val split_dir=data/splits/mvp/full_60_20_20 predictor_mode=from_file annotation_file=data/annotations/mvp_full.jsonl
[eval.mvp] Loaded split assignments | split_pairs=989 split_samples=1978
[eval.mvp] Prepared samples | n_pairs_before_trim=989 n_samples_before_trim=1978 n_pairs_after_trim=989 n_samples_after_trim=1978 max_pairs=0
[eval.mvp] Generated predictions | n_predictions=1978
[eval.mvp] Scoring complete | accuracy=62.2851 pair_consistency=33.3670 n_pairs=989 n_samples=1978
[eval.mvp] Artifacts written | output_dir=artifacts/probes/mvp/mvp_probe_mlp_ltx_video_retry_missing_20260511/layer_noise_0.5_block_36/train/trial_0001/val_eval
[I 2026-05-12 02:08:29,609] Trial 1 finished with value: 33.367037411526795 and parameters: {'lr': 7.476312062252303e-05, 'weight_decay': 4.689400963537693e-05, 'batch_size': 256, 'epochs': 20, 'hidden_dims': '512x256', 'dropout': 0.048836057003191935}. Best is trial 0 with value: 67.44186046511628.
[eval.mvp] Starting eval | split_name=val split_dir=data/splits/mvp/full_60_20_20 predictor_mode=from_file annotation_file=data/annotations/mvp_full.jsonl
[eval.mvp] Loaded split assignments | split_pairs=989 split_samples=1978
[eval.mvp] Prepared samples | n_pairs_before_trim=989 n_samples_before_trim=1978 n_pairs_after_trim=989 n_samples_after_trim=1978 max_pairs=0
[eval.mvp] Generated predictions | n_predictions=1978
[eval.mvp] Scoring complete | accuracy=66.0263 pair_consistency=41.4560 n_pairs=989 n_samples=1978
[eval.mvp] Artifacts written | output_dir=artifacts/probes/mvp/mvp_probe_mlp_ltx_video_retry_missing_20260511/layer_noise_0.5_block_36/train/trial_0002/val_eval
[I 2026-05-12 02:09:53,010] Trial 2 finished with value: 41.45601617795754 and parameters: {'lr': 0.0011290133559092666, 'weight_decay': 4.374364439939069e-06, 'batch_size': 256, 'epochs': 50, 'hidden_dims': '256', 'dropout': 0.04424625102595975}. Best is trial 0 with value: 67.44186046511628.
[I 2026-05-12 02:12:31,488] Trial 3 pruned. Pruned at epoch 100 with val_accuracy=71.7897
[I 2026-05-12 02:14:27,461] Trial 4 pruned. Pruned at epoch 100 with val_accuracy=68.6552
[I 2026-05-12 02:18:50,466] Trial 5 pruned. Pruned at epoch 100 with val_accuracy=63.9029
[eval.mvp] Starting eval | split_name=val split_dir=data/splits/mvp/full_60_20_20 predictor_mode=from_file annotation_file=data/annotations/mvp_full.jsonl
[eval.mvp] Loaded split assignments | split_pairs=989 split_samples=1978
[eval.mvp] Prepared samples | n_pairs_before_trim=989 n_samples_before_trim=1978 n_pairs_after_trim=989 n_samples_after_trim=1978 max_pairs=0
[eval.mvp] Generated predictions | n_predictions=1978
[eval.mvp] Scoring complete | accuracy=66.3802 pair_consistency=36.8049 n_pairs=989 n_samples=1978
[eval.mvp] Artifacts written | output_dir=artifacts/probes/mvp/mvp_probe_mlp_ltx_video_retry_missing_20260511/layer_noise_0.5_block_36/train/trial_0006/val_eval
[I 2026-05-12 02:20:13,898] Trial 6 finished with value: 36.804853387259854 and parameters: {'lr': 0.000794714742465374, 'weight_decay': 0.0016934155410667966, 'batch_size': 128, 'epochs': 50, 'hidden_dims': '512', 'dropout': 0.0599326836668414}. Best is trial 0 with value: 67.44186046511628.
[eval.mvp] Starting eval | split_name=val split_dir=data/splits/mvp/full_60_20_20 predictor_mode=from_file annotation_file=data/annotations/mvp_full.jsonl
[eval.mvp] Loaded split assignments | split_pairs=989 split_samples=1978
[eval.mvp] Prepared samples | n_pairs_before_trim=989 n_samples_before_trim=1978 n_pairs_after_trim=989 n_samples_after_trim=1978 max_pairs=0
[eval.mvp] Generated predictions | n_predictions=1978
[eval.mvp] Scoring complete | accuracy=61.4762 pair_consistency=29.2214 n_pairs=989 n_samples=1978
[eval.mvp] Artifacts written | output_dir=artifacts/probes/mvp/mvp_probe_mlp_ltx_video_retry_missing_20260511/layer_noise_0.5_block_36/train/trial_0007/val_eval
[I 2026-05-12 02:21:14,245] Trial 7 finished with value: 29.221435793731043 and parameters: {'lr': 0.00010300196600986775, 'weight_decay': 0.0045442082254883295, 'batch_size': 128, 'epochs': 20, 'hidden_dims': '1024x512x1024', 'dropout': 0.11978094533348621}. Best is trial 0 with value: 67.44186046511628.
[eval.mvp] Starting eval | split_name=val split_dir=data/splits/mvp/full_60_20_20 predictor_mode=from_file annotation_file=data/annotations/mvp_full.jsonl
[eval.mvp] Loaded split assignments | split_pairs=989 split_samples=1978
[eval.mvp] Prepared samples | n_pairs_before_trim=989 n_samples_before_trim=1978 n_pairs_after_trim=989 n_samples_after_trim=1978 max_pairs=0
[eval.mvp] Generated predictions | n_predictions=1978
[eval.mvp] Scoring complete | accuracy=67.3407 pair_consistency=41.4560 n_pairs=989 n_samples=1978
[eval.mvp] Artifacts written | output_dir=artifacts/probes/mvp/mvp_probe_mlp_ltx_video_retry_missing_20260511/layer_noise_0.5_block_36/train/trial_0008/val_eval
[I 2026-05-12 02:23:25,496] Trial 8 finished with value: 41.45601617795754 and parameters: {'lr': 2.7207248059486674e-05, 'weight_decay': 8.64403589520682e-06, 'batch_size': 32, 'epochs': 50, 'hidden_dims': '512', 'dropout': 0.3387821809211412}. Best is trial 0 with value: 67.44186046511628.
[eval.mvp] Starting eval | split_name=val split_dir=data/splits/mvp/full_60_20_20 predictor_mode=from_file annotation_file=data/annotations/mvp_full.jsonl
[eval.mvp] Loaded split assignments | split_pairs=989 split_samples=1978
[eval.mvp] Prepared samples | n_pairs_before_trim=989 n_samples_before_trim=1978 n_pairs_after_trim=989 n_samples_after_trim=1978 max_pairs=0
[eval.mvp] Generated predictions | n_predictions=1978
[eval.mvp] Scoring complete | accuracy=62.7401 pair_consistency=35.7937 n_pairs=989 n_samples=1978
[eval.mvp] Artifacts written | output_dir=artifacts/probes/mvp/mvp_probe_mlp_ltx_video_retry_missing_20260511/layer_noise_0.5_block_36/train/trial_0009/val_eval
[I 2026-05-12 02:24:50,920] Trial 9 finished with value: 35.79373104145602 and parameters: {'lr': 1.1214075785991125e-05, 'weight_decay': 1.1818390883060214e-05, 'batch_size': 256, 'epochs': 50, 'hidden_dims': '256', 'dropout': 0.12092614545022584}. Best is trial 0 with value: 67.44186046511628.
[I 2026-05-12 02:28:03,902] Trial 10 pruned. Pruned at epoch 100 with val_accuracy=50.0000
[eval.mvp] Starting eval | split_name=val split_dir=data/splits/mvp/full_60_20_20 predictor_mode=from_file annotation_file=data/annotations/mvp_full.jsonl
[eval.mvp] Loaded split assignments | split_pairs=989 split_samples=1978
[eval.mvp] Prepared samples | n_pairs_before_trim=989 n_samples_before_trim=1978 n_pairs_after_trim=989 n_samples_after_trim=1978 max_pairs=0
[eval.mvp] Generated predictions | n_predictions=1978
[eval.mvp] Scoring complete | accuracy=73.5086 pair_consistency=52.2750 n_pairs=989 n_samples=1978
[eval.mvp] Artifacts written | output_dir=artifacts/probes/mvp/mvp_probe_mlp_ltx_video_retry_missing_20260511/layer_noise_0.5_block_36/train/trial_0011/val_eval
[I 2026-05-12 02:32:31,299] Trial 11 finished with value: 52.27502527805864 and parameters: {'lr': 0.0003492823457114943, 'weight_decay': 7.619436507678932e-07, 'batch_size': 32, 'epochs': 100, 'hidden_dims': '1024', 'dropout': 0.23297711653873787}. Best is trial 0 with value: 67.44186046511628.
[I 2026-05-12 02:35:59,163] Trial 12 pruned. Pruned at epoch 100 with val_accuracy=70.7786
[eval.mvp] Starting eval | split_name=val split_dir=data/splits/mvp/full_60_20_20 predictor_mode=from_file annotation_file=data/annotations/mvp_full.jsonl
[eval.mvp] Loaded split assignments | split_pairs=989 split_samples=1978
[eval.mvp] Prepared samples | n_pairs_before_trim=989 n_samples_before_trim=1978 n_pairs_after_trim=989 n_samples_after_trim=1978 max_pairs=0
[eval.mvp] Generated predictions | n_predictions=1978
[eval.mvp] Scoring complete | accuracy=72.1436 pair_consistency=51.3650 n_pairs=989 n_samples=1978
[eval.mvp] Artifacts written | output_dir=artifacts/probes/mvp/mvp_probe_mlp_ltx_video_retry_missing_20260511/layer_noise_0.5_block_36/train/trial_0013/val_eval
[I 2026-05-12 02:39:55,517] Trial 13 finished with value: 51.36501516683518 and parameters: {'lr': 0.000159754267808109, 'weight_decay': 1.932990918252278e-07, 'batch_size': 32, 'epochs': 100, 'hidden_dims': '1024', 'dropout': 0.18874714269275888}. Best is trial 0 with value: 67.44186046511628.
[I 2026-05-12 02:43:21,000] Trial 14 pruned. Pruned at epoch 100 with val_accuracy=66.4307
[I 2026-05-12 02:46:25,209] Trial 15 pruned. Pruned at epoch 100 with val_accuracy=50.0000
[eval.mvp] Starting eval | split_name=val split_dir=data/splits/mvp/full_60_20_20 predictor_mode=from_file annotation_file=data/annotations/mvp_full.jsonl
[eval.mvp] Loaded split assignments | split_pairs=989 split_samples=1978
[eval.mvp] Prepared samples | n_pairs_before_trim=989 n_samples_before_trim=1978 n_pairs_after_trim=989 n_samples_after_trim=1978 max_pairs=0
[eval.mvp] Generated predictions | n_predictions=1978
[eval.mvp] Scoring complete | accuracy=72.4469 pair_consistency=49.4439 n_pairs=989 n_samples=1978
[eval.mvp] Artifacts written | output_dir=artifacts/probes/mvp/mvp_probe_mlp_ltx_video_retry_missing_20260511/layer_noise_0.5_block_36/train/trial_0016/val_eval
[I 2026-05-12 02:50:18,645] Trial 16 finished with value: 49.44388270980789 and parameters: {'lr': 0.0004346609466153822, 'weight_decay': 8.479407291348395e-07, 'batch_size': 32, 'epochs': 100, 'hidden_dims': '512x256', 'dropout': 0.15501736906740068}. Best is trial 0 with value: 67.44186046511628.
[I 2026-05-12 02:54:17,051] Trial 17 pruned. Pruned at epoch 100 with val_accuracy=71.4863
[I 2026-05-12 02:59:45,141] Trial 18 pruned. Pruned at epoch 100 with val_accuracy=71.5875
[eval.mvp] Starting eval | split_name=val split_dir=data/splits/mvp/full_60_20_20 predictor_mode=from_file annotation_file=data/annotations/mvp_full.jsonl
[eval.mvp] Loaded split assignments | split_pairs=989 split_samples=1978
[eval.mvp] Prepared samples | n_pairs_before_trim=989 n_samples_before_trim=1978 n_pairs_after_trim=989 n_samples_after_trim=1978 max_pairs=0
[eval.mvp] Generated predictions | n_predictions=1978
[eval.mvp] Scoring complete | accuracy=73.2053 pair_consistency=52.9828 n_pairs=989 n_samples=1978
[eval.mvp] Artifacts written | output_dir=artifacts/probes/mvp/mvp_probe_mlp_ltx_video_retry_missing_20260511/layer_noise_0.5_block_36/train/trial_0019/val_eval
[I 2026-05-12 03:03:50,374] Trial 19 finished with value: 52.98281092012134 and parameters: {'lr': 1.9271614885597854e-05, 'weight_decay': 7.291225533370923e-08, 'batch_size': 64, 'epochs': 100, 'hidden_dims': '1024', 'dropout': 0.1906509759084042}. Best is trial 0 with value: 67.44186046511628.
[eval.mvp] Starting eval | split_name=train split_dir=data/splits/mvp/full_60_20_20 predictor_mode=from_file annotation_file=data/annotations/mvp_full.jsonl
[eval.mvp] Loaded split assignments | split_pairs=2965 split_samples=5930
[eval.mvp] Prepared samples | n_pairs_before_trim=2965 n_samples_before_trim=5930 n_pairs_after_trim=2965 n_samples_after_trim=5930 max_pairs=0
[eval.mvp] Generated predictions | n_predictions=5930
[eval.mvp] Scoring complete | accuracy=99.7302 pair_consistency=99.4604 n_pairs=2965 n_samples=5930
[eval.mvp] Artifacts written | output_dir=artifacts/probes/mvp/mvp_probe_mlp_ltx_video_retry_missing_20260511/layer_noise_0.5_block_36/eval/train
[eval.mvp] Starting eval | split_name=val split_dir=data/splits/mvp/full_60_20_20 predictor_mode=from_file annotation_file=data/annotations/mvp_full.jsonl
[eval.mvp] Loaded split assignments | split_pairs=989 split_samples=1978
[eval.mvp] Prepared samples | n_pairs_before_trim=989 n_samples_before_trim=1978 n_pairs_after_trim=989 n_samples_after_trim=1978 max_pairs=0
[eval.mvp] Generated predictions | n_predictions=1978
[eval.mvp] Scoring complete | accuracy=81.5976 pair_consistency=67.4419 n_pairs=989 n_samples=1978
[eval.mvp] Artifacts written | output_dir=artifacts/probes/mvp/mvp_probe_mlp_ltx_video_retry_missing_20260511/layer_noise_0.5_block_36/eval/val
[eval.mvp] Starting eval | split_name=test split_dir=data/splits/mvp/full_60_20_20 predictor_mode=from_file annotation_file=data/annotations/mvp_full.jsonl
[eval.mvp] Loaded split assignments | split_pairs=989 split_samples=1978
[eval.mvp] Prepared samples | n_pairs_before_trim=989 n_samples_before_trim=1978 n_pairs_after_trim=989 n_samples_after_trim=1978 max_pairs=0
[eval.mvp] Generated predictions | n_predictions=1978
[eval.mvp] Scoring complete | accuracy=79.1709 pair_consistency=63.7007 n_pairs=989 n_samples=1978
[eval.mvp] Artifacts written | output_dir=artifacts/probes/mvp/mvp_probe_mlp_ltx_video_retry_missing_20260511/layer_noise_0.5_block_36/eval/test
[I 2026-05-12 03:05:06,093] A new study created in RDB with name: mvp_mlp_ltx_video_layer_noise_0.4_block_36
[eval.mvp] Starting eval | split_name=val split_dir=data/splits/mvp/full_60_20_20 predictor_mode=from_file annotation_file=data/annotations/mvp_full.jsonl
[eval.mvp] Loaded split assignments | split_pairs=989 split_samples=1978
[eval.mvp] Prepared samples | n_pairs_before_trim=989 n_samples_before_trim=1978 n_pairs_after_trim=989 n_samples_after_trim=1978 max_pairs=0
[eval.mvp] Generated predictions | n_predictions=1978
[eval.mvp] Scoring complete | accuracy=81.5470 pair_consistency=67.4419 n_pairs=989 n_samples=1978
[eval.mvp] Artifacts written | output_dir=artifacts/probes/mvp/mvp_probe_mlp_ltx_video_retry_missing_20260511/layer_noise_0.4_block_36/train/trial_0000/val_eval
[I 2026-05-12 04:50:00,005] Trial 0 finished with value: 67.44186046511628 and parameters: {'lr': 0.0001329291894316216, 'weight_decay': 0.005061576888752304, 'batch_size': 32, 'epochs': 2000, 'hidden_dims': '256', 'dropout': 0.21597250932105788}. Best is trial 0 with value: 67.44186046511628.
[eval.mvp] Starting eval | split_name=val split_dir=data/splits/mvp/full_60_20_20 predictor_mode=from_file annotation_file=data/annotations/mvp_full.jsonl
[eval.mvp] Loaded split assignments | split_pairs=989 split_samples=1978
[eval.mvp] Prepared samples | n_pairs_before_trim=989 n_samples_before_trim=1978 n_pairs_after_trim=989 n_samples_after_trim=1978 max_pairs=0
[eval.mvp] Generated predictions | n_predictions=1978
[eval.mvp] Scoring complete | accuracy=62.2851 pair_consistency=32.5581 n_pairs=989 n_samples=1978
[eval.mvp] Artifacts written | output_dir=artifacts/probes/mvp/mvp_probe_mlp_ltx_video_retry_missing_20260511/layer_noise_0.4_block_36/train/trial_0001/val_eval
[I 2026-05-12 04:51:41,195] Trial 1 finished with value: 32.55813953488372 and parameters: {'lr': 7.476312062252303e-05, 'weight_decay': 4.689400963537693e-05, 'batch_size': 256, 'epochs': 20, 'hidden_dims': '512x256', 'dropout': 0.048836057003191935}. Best is trial 0 with value: 67.44186046511628.
[eval.mvp] Starting eval | split_name=val split_dir=data/splits/mvp/full_60_20_20 predictor_mode=from_file annotation_file=data/annotations/mvp_full.jsonl
[eval.mvp] Loaded split assignments | split_pairs=989 split_samples=1978
[eval.mvp] Prepared samples | n_pairs_before_trim=989 n_samples_before_trim=1978 n_pairs_after_trim=989 n_samples_after_trim=1978 max_pairs=0
[eval.mvp] Generated predictions | n_predictions=1978
[eval.mvp] Scoring complete | accuracy=65.0657 pair_consistency=39.3327 n_pairs=989 n_samples=1978
[eval.mvp] Artifacts written | output_dir=artifacts/probes/mvp/mvp_probe_mlp_ltx_video_retry_missing_20260511/layer_noise_0.4_block_36/train/trial_0002/val_eval
[I 2026-05-12 04:55:58,778] Trial 2 finished with value: 39.33265925176946 and parameters: {'lr': 0.0011290133559092666, 'weight_decay': 4.374364439939069e-06, 'batch_size': 256, 'epochs': 50, 'hidden_dims': '256', 'dropout': 0.04424625102595975}. Best is trial 0 with value: 67.44186046511628.
[I 2026-05-12 05:02:21,891] Trial 3 pruned. Pruned at epoch 100 with val_accuracy=71.1325
[I 2026-05-12 05:08:00,305] Trial 4 pruned. Pruned at epoch 100 with val_accuracy=68.0485
[I 2026-05-12 05:16:24,173] Trial 5 pruned. Pruned at epoch 100 with val_accuracy=64.6107
[eval.mvp] Starting eval | split_name=val split_dir=data/splits/mvp/full_60_20_20 predictor_mode=from_file annotation_file=data/annotations/mvp_full.jsonl
[eval.mvp] Loaded split assignments | split_pairs=989 split_samples=1978
[eval.mvp] Prepared samples | n_pairs_before_trim=989 n_samples_before_trim=1978 n_pairs_after_trim=989 n_samples_after_trim=1978 max_pairs=0
[eval.mvp] Generated predictions | n_predictions=1978
[eval.mvp] Scoring complete | accuracy=67.1891 pair_consistency=40.2427 n_pairs=989 n_samples=1978
[eval.mvp] Artifacts written | output_dir=artifacts/probes/mvp/mvp_probe_mlp_ltx_video_retry_missing_20260511/layer_noise_0.4_block_36/train/trial_0006/val_eval
[I 2026-05-12 05:19:35,048] Trial 6 finished with value: 40.24266936299292 and parameters: {'lr': 0.000794714742465374, 'weight_decay': 0.0016934155410667966, 'batch_size': 128, 'epochs': 50, 'hidden_dims': '512', 'dropout': 0.0599326836668414}. Best is trial 0 with value: 67.44186046511628.
[eval.mvp] Starting eval | split_name=val split_dir=data/splits/mvp/full_60_20_20 predictor_mode=from_file annotation_file=data/annotations/mvp_full.jsonl
[eval.mvp] Loaded split assignments | split_pairs=989 split_samples=1978
[eval.mvp] Prepared samples | n_pairs_before_trim=989 n_samples_before_trim=1978 n_pairs_after_trim=989 n_samples_after_trim=1978 max_pairs=0
[eval.mvp] Generated predictions | n_predictions=1978
[eval.mvp] Scoring complete | accuracy=61.8807 pair_consistency=26.9970 n_pairs=989 n_samples=1978
[eval.mvp] Artifacts written | output_dir=artifacts/probes/mvp/mvp_probe_mlp_ltx_video_retry_missing_20260511/layer_noise_0.4_block_36/train/trial_0007/val_eval
[I 2026-05-12 05:21:34,869] Trial 7 finished with value: 26.99696663296259 and parameters: {'lr': 0.00010300196600986775, 'weight_decay': 0.0045442082254883295, 'batch_size': 128, 'epochs': 20, 'hidden_dims': '1024x512x1024', 'dropout': 0.11978094533348621}. Best is trial 0 with value: 67.44186046511628.
[eval.mvp] Starting eval | split_name=val split_dir=data/splits/mvp/full_60_20_20 predictor_mode=from_file annotation_file=data/annotations/mvp_full.jsonl
[eval.mvp] Loaded split assignments | split_pairs=989 split_samples=1978
[eval.mvp] Prepared samples | n_pairs_before_trim=989 n_samples_before_trim=1978 n_pairs_after_trim=989 n_samples_after_trim=1978 max_pairs=0
[eval.mvp] Generated predictions | n_predictions=1978
[eval.mvp] Scoring complete | accuracy=66.5824 pair_consistency=41.0516 n_pairs=989 n_samples=1978
[eval.mvp] Artifacts written | output_dir=artifacts/probes/mvp/mvp_probe_mlp_ltx_video_retry_missing_20260511/layer_noise_0.4_block_36/train/trial_0008/val_eval
[I 2026-05-12 05:25:10,070] Trial 8 finished with value: 41.05156723963599 and parameters: {'lr': 2.7207248059486674e-05, 'weight_decay': 8.64403589520682e-06, 'batch_size': 32, 'epochs': 50, 'hidden_dims': '512', 'dropout': 0.3387821809211412}. Best is trial 0 with value: 67.44186046511628.
[eval.mvp] Starting eval | split_name=val split_dir=data/splits/mvp/full_60_20_20 predictor_mode=from_file annotation_file=data/annotations/mvp_full.jsonl
[eval.mvp] Loaded split assignments | split_pairs=989 split_samples=1978
[eval.mvp] Prepared samples | n_pairs_before_trim=989 n_samples_before_trim=1978 n_pairs_after_trim=989 n_samples_after_trim=1978 max_pairs=0
[eval.mvp] Generated predictions | n_predictions=1978
[eval.mvp] Scoring complete | accuracy=63.0940 pair_consistency=36.4004 n_pairs=989 n_samples=1978
[eval.mvp] Artifacts written | output_dir=artifacts/probes/mvp/mvp_probe_mlp_ltx_video_retry_missing_20260511/layer_noise_0.4_block_36/train/trial_0009/val_eval
[I 2026-05-12 05:29:15,045] Trial 9 finished with value: 36.400404448938325 and parameters: {'lr': 1.1214075785991125e-05, 'weight_decay': 1.1818390883060214e-05, 'batch_size': 256, 'epochs': 50, 'hidden_dims': '256', 'dropout': 0.12092614545022584}. Best is trial 0 with value: 67.44186046511628.
[I 2026-05-12 05:34:39,158] Trial 10 pruned. Pruned at epoch 100 with val_accuracy=50.0000
