[I 2026-05-10 18:14:55,536] Trial 19 finished with value: 0.0 and parameters: {'lr': 0.0027623800704545468, 'weight_decay': 5.444458216778845e-05, 'batch_size': 32, 'epochs': 20, 'hidden_dims': '256', 'dropout': 0.09151650142522019}. Best is trial 0 with value: 0.0.
[eval.mvp] Starting eval | split_name=train split_dir=data/splits/mvp/full_60_20_20 predictor_mode=from_file annotation_file=data/annotations/mvp_full.jsonl
[eval.mvp] Loaded split assignments | split_pairs=2965 split_samples=5930
[eval.mvp] Prepared samples | n_pairs_before_trim=2965 n_samples_before_trim=5930 n_pairs_after_trim=2965 n_samples_after_trim=5930 max_pairs=0
[eval.mvp] Generated predictions | n_predictions=5930
[eval.mvp] Scoring complete | accuracy=50.0000 pair_consistency=0.0000 n_pairs=2965 n_samples=5930
[eval.mvp] Artifacts written | output_dir=artifacts/probes/mvp/mvp_probe_mlp_ltx_video_ltxv_13b_0_9_8_distilled_20260510T133722Z/layer_noise_1.0_block_48/eval/train
[eval.mvp] Starting eval | split_name=val split_dir=data/splits/mvp/full_60_20_20 predictor_mode=from_file annotation_file=data/annotations/mvp_full.jsonl
[eval.mvp] Loaded split assignments | split_pairs=989 split_samples=1978
[eval.mvp] Prepared samples | n_pairs_before_trim=989 n_samples_before_trim=1978 n_pairs_after_trim=989 n_samples_after_trim=1978 max_pairs=0
[eval.mvp] Generated predictions | n_predictions=1978
[eval.mvp] Scoring complete | accuracy=50.0000 pair_consistency=0.0000 n_pairs=989 n_samples=1978
[eval.mvp] Artifacts written | output_dir=artifacts/probes/mvp/mvp_probe_mlp_ltx_video_ltxv_13b_0_9_8_distilled_20260510T133722Z/layer_noise_1.0_block_48/eval/val
[eval.mvp] Starting eval | split_name=test split_dir=data/splits/mvp/full_60_20_20 predictor_mode=from_file annotation_file=data/annotations/mvp_full.jsonl
[eval.mvp] Loaded split assignments | split_pairs=989 split_samples=1978
[eval.mvp] Prepared samples | n_pairs_before_trim=989 n_samples_before_trim=1978 n_pairs_after_trim=989 n_samples_after_trim=1978 max_pairs=0
[eval.mvp] Generated predictions | n_predictions=1978
[eval.mvp] Scoring complete | accuracy=50.0000 pair_consistency=0.0000 n_pairs=989 n_samples=1978
[eval.mvp] Artifacts written | output_dir=artifacts/probes/mvp/mvp_probe_mlp_ltx_video_ltxv_13b_0_9_8_distilled_20260510T133722Z/layer_noise_1.0_block_48/eval/test
[I 2026-05-10 18:15:02,333] A new study created in RDB with name: mvp_mlp_ltx_video_layer_noise_0.9_block_48
[eval.mvp] Starting eval | split_name=val split_dir=data/splits/mvp/full_60_20_20 predictor_mode=from_file annotation_file=data/annotations/mvp_full.jsonl
[eval.mvp] Loaded split assignments | split_pairs=989 split_samples=1978
[eval.mvp] Prepared samples | n_pairs_before_trim=989 n_samples_before_trim=1978 n_pairs_after_trim=989 n_samples_after_trim=1978 max_pairs=0
[eval.mvp] Generated predictions | n_predictions=1978
[eval.mvp] Scoring complete | accuracy=61.7796 pair_consistency=34.4793 n_pairs=989 n_samples=1978
[eval.mvp] Artifacts written | output_dir=artifacts/probes/mvp/mvp_probe_mlp_ltx_video_ltxv_13b_0_9_8_distilled_20260510T133722Z/layer_noise_0.9_block_48/train/trial_0000/val_eval
[I 2026-05-10 18:31:52,294] Trial 0 finished with value: 34.47927199191102 and parameters: {'lr': 0.0001329291894316216, 'weight_decay': 0.005061576888752304, 'batch_size': 32, 'epochs': 2000, 'hidden_dims': '256', 'dropout': 0.21597250932105788}. Best is trial 0 with value: 34.47927199191102.
[eval.mvp] Starting eval | split_name=val split_dir=data/splits/mvp/full_60_20_20 predictor_mode=from_file annotation_file=data/annotations/mvp_full.jsonl
[eval.mvp] Loaded split assignments | split_pairs=989 split_samples=1978
[eval.mvp] Prepared samples | n_pairs_before_trim=989 n_samples_before_trim=1978 n_pairs_after_trim=989 n_samples_after_trim=1978 max_pairs=0
[eval.mvp] Generated predictions | n_predictions=1978
[eval.mvp] Scoring complete | accuracy=54.1456 pair_consistency=17.9980 n_pairs=989 n_samples=1978
[eval.mvp] Artifacts written | output_dir=artifacts/probes/mvp/mvp_probe_mlp_ltx_video_ltxv_13b_0_9_8_distilled_20260510T133722Z/layer_noise_0.9_block_48/train/trial_0001/val_eval
[I 2026-05-10 18:32:12,265] Trial 1 finished with value: 17.99797775530839 and parameters: {'lr': 7.476312062252303e-05, 'weight_decay': 4.689400963537693e-05, 'batch_size': 256, 'epochs': 20, 'hidden_dims': '512x256', 'dropout': 0.048836057003191935}. Best is trial 0 with value: 34.47927199191102.
[eval.mvp] Starting eval | split_name=val split_dir=data/splits/mvp/full_60_20_20 predictor_mode=from_file annotation_file=data/annotations/mvp_full.jsonl
[eval.mvp] Loaded split assignments | split_pairs=989 split_samples=1978
[eval.mvp] Prepared samples | n_pairs_before_trim=989 n_samples_before_trim=1978 n_pairs_after_trim=989 n_samples_after_trim=1978 max_pairs=0
[eval.mvp] Generated predictions | n_predictions=1978
[eval.mvp] Scoring complete | accuracy=57.3812 pair_consistency=28.9181 n_pairs=989 n_samples=1978
[eval.mvp] Artifacts written | output_dir=artifacts/probes/mvp/mvp_probe_mlp_ltx_video_ltxv_13b_0_9_8_distilled_20260510T133722Z/layer_noise_0.9_block_48/train/trial_0002/val_eval
[I 2026-05-10 18:32:33,744] Trial 2 finished with value: 28.91809908998989 and parameters: {'lr': 0.0011290133559092666, 'weight_decay': 4.374364439939069e-06, 'batch_size': 256, 'epochs': 50, 'hidden_dims': '256', 'dropout': 0.04424625102595975}. Best is trial 0 with value: 34.47927199191102.
[I 2026-05-10 18:32:57,876] Trial 3 pruned. Pruned at epoch 100 with val_accuracy=58.8979
[I 2026-05-10 18:33:27,400] Trial 4 pruned. Pruned at epoch 100 with val_accuracy=58.2912
[I 2026-05-10 18:36:48,241] Trial 5 pruned. Pruned at epoch 100 with val_accuracy=56.8756
[eval.mvp] Starting eval | split_name=val split_dir=data/splits/mvp/full_60_20_20 predictor_mode=from_file annotation_file=data/annotations/mvp_full.jsonl
[eval.mvp] Loaded split assignments | split_pairs=989 split_samples=1978
[eval.mvp] Prepared samples | n_pairs_before_trim=989 n_samples_before_trim=1978 n_pairs_after_trim=989 n_samples_after_trim=1978 max_pairs=0
[eval.mvp] Generated predictions | n_predictions=1978
[eval.mvp] Scoring complete | accuracy=57.5329 pair_consistency=28.2103 n_pairs=989 n_samples=1978
[eval.mvp] Artifacts written | output_dir=artifacts/probes/mvp/mvp_probe_mlp_ltx_video_ltxv_13b_0_9_8_distilled_20260510T133722Z/layer_noise_0.9_block_48/train/trial_0006/val_eval
[I 2026-05-10 18:37:21,323] Trial 6 finished with value: 28.2103134479272 and parameters: {'lr': 0.000794714742465374, 'weight_decay': 0.0016934155410667966, 'batch_size': 128, 'epochs': 50, 'hidden_dims': '512', 'dropout': 0.0599326836668414}. Best is trial 0 with value: 34.47927199191102.
[eval.mvp] Starting eval | split_name=val split_dir=data/splits/mvp/full_60_20_20 predictor_mode=from_file annotation_file=data/annotations/mvp_full.jsonl
[eval.mvp] Loaded split assignments | split_pairs=989 split_samples=1978
[eval.mvp] Prepared samples | n_pairs_before_trim=989 n_samples_before_trim=1978 n_pairs_after_trim=989 n_samples_after_trim=1978 max_pairs=0
[eval.mvp] Generated predictions | n_predictions=1978
[eval.mvp] Scoring complete | accuracy=54.6006 pair_consistency=22.1436 n_pairs=989 n_samples=1978
[eval.mvp] Artifacts written | output_dir=artifacts/probes/mvp/mvp_probe_mlp_ltx_video_ltxv_13b_0_9_8_distilled_20260510T133722Z/layer_noise_0.9_block_48/train/trial_0007/val_eval
[I 2026-05-10 18:37:48,227] Trial 7 finished with value: 22.143579373104146 and parameters: {'lr': 0.00010300196600986775, 'weight_decay': 0.0045442082254883295, 'batch_size': 128, 'epochs': 20, 'hidden_dims': '1024x512x1024', 'dropout': 0.11978094533348621}. Best is trial 0 with value: 34.47927199191102.
[eval.mvp] Starting eval | split_name=val split_dir=data/splits/mvp/full_60_20_20 predictor_mode=from_file annotation_file=data/annotations/mvp_full.jsonl
[eval.mvp] Loaded split assignments | split_pairs=989 split_samples=1978
[eval.mvp] Prepared samples | n_pairs_before_trim=989 n_samples_before_trim=1978 n_pairs_after_trim=989 n_samples_after_trim=1978 max_pairs=0
[eval.mvp] Generated predictions | n_predictions=1978
[eval.mvp] Scoring complete | accuracy=57.9879 pair_consistency=29.3225 n_pairs=989 n_samples=1978
[eval.mvp] Artifacts written | output_dir=artifacts/probes/mvp/mvp_probe_mlp_ltx_video_ltxv_13b_0_9_8_distilled_20260510T133722Z/layer_noise_0.9_block_48/train/trial_0008/val_eval
[I 2026-05-10 18:38:43,606] Trial 8 finished with value: 29.322548028311424 and parameters: {'lr': 2.7207248059486674e-05, 'weight_decay': 8.64403589520682e-06, 'batch_size': 32, 'epochs': 50, 'hidden_dims': '512', 'dropout': 0.3387821809211412}. Best is trial 0 with value: 34.47927199191102.
[eval.mvp] Starting eval | split_name=val split_dir=data/splits/mvp/full_60_20_20 predictor_mode=from_file annotation_file=data/annotations/mvp_full.jsonl
[eval.mvp] Loaded split assignments | split_pairs=989 split_samples=1978
[eval.mvp] Prepared samples | n_pairs_before_trim=989 n_samples_before_trim=1978 n_pairs_after_trim=989 n_samples_after_trim=1978 max_pairs=0
[eval.mvp] Generated predictions | n_predictions=1978
[eval.mvp] Scoring complete | accuracy=55.0051 pair_consistency=22.5480 n_pairs=989 n_samples=1978
[eval.mvp] Artifacts written | output_dir=artifacts/probes/mvp/mvp_probe_mlp_ltx_video_ltxv_13b_0_9_8_distilled_20260510T133722Z/layer_noise_0.9_block_48/train/trial_0009/val_eval
[I 2026-05-10 18:39:08,127] Trial 9 finished with value: 22.548028311425682 and parameters: {'lr': 1.1214075785991125e-05, 'weight_decay': 1.1818390883060214e-05, 'batch_size': 256, 'epochs': 50, 'hidden_dims': '256', 'dropout': 0.12092614545022584}. Best is trial 0 with value: 34.47927199191102.
[I 2026-05-10 18:40:59,319] Trial 10 pruned. Pruned at epoch 100 with val_accuracy=50.0000
[I 2026-05-10 18:43:35,708] Trial 11 pruned. Pruned at epoch 100 with val_accuracy=58.8979
[I 2026-05-10 18:45:12,448] Trial 12 pruned. Pruned at epoch 100 with val_accuracy=56.0162
[I 2026-05-10 18:46:52,805] Trial 13 pruned. Pruned at epoch 100 with val_accuracy=59.3529
[I 2026-05-10 18:50:04,542] Trial 14 pruned. Pruned at epoch 100 with val_accuracy=58.5440
[I 2026-05-10 18:51:36,401] Trial 15 pruned. Pruned at epoch 100 with val_accuracy=58.8979
[eval.mvp] Starting eval | split_name=val split_dir=data/splits/mvp/full_60_20_20 predictor_mode=from_file annotation_file=data/annotations/mvp_full.jsonl
[eval.mvp] Loaded split assignments | split_pairs=989 split_samples=1978
[eval.mvp] Prepared samples | n_pairs_before_trim=989 n_samples_before_trim=1978 n_pairs_after_trim=989 n_samples_after_trim=1978 max_pairs=0
[eval.mvp] Generated predictions | n_predictions=1978
[eval.mvp] Scoring complete | accuracy=57.1790 pair_consistency=27.3003 n_pairs=989 n_samples=1978
[eval.mvp] Artifacts written | output_dir=artifacts/probes/mvp/mvp_probe_mlp_ltx_video_ltxv_13b_0_9_8_distilled_20260510T133722Z/layer_noise_0.9_block_48/train/trial_0016/val_eval
[I 2026-05-10 18:52:39,958] Trial 16 finished with value: 27.30030333670374 and parameters: {'lr': 0.0001718440878518453, 'weight_decay': 0.00619480551610472, 'batch_size': 32, 'epochs': 50, 'hidden_dims': '512x256', 'dropout': 0.4519718911709637}. Best is trial 0 with value: 34.47927199191102.
[I 2026-05-10 18:54:15,351] Trial 17 pruned. Pruned at epoch 100 with val_accuracy=57.9373
[I 2026-05-10 18:55:15,414] Trial 18 pruned. Pruned at epoch 100 with val_accuracy=60.2123
[eval.mvp] Starting eval | split_name=val split_dir=data/splits/mvp/full_60_20_20 predictor_mode=from_file annotation_file=data/annotations/mvp_full.jsonl
[eval.mvp] Loaded split assignments | split_pairs=989 split_samples=1978
[eval.mvp] Prepared samples | n_pairs_before_trim=989 n_samples_before_trim=1978 n_pairs_after_trim=989 n_samples_after_trim=1978 max_pairs=0
[eval.mvp] Generated predictions | n_predictions=1978
[eval.mvp] Scoring complete | accuracy=57.9879 pair_consistency=29.2214 n_pairs=989 n_samples=1978
[eval.mvp] Artifacts written | output_dir=artifacts/probes/mvp/mvp_probe_mlp_ltx_video_ltxv_13b_0_9_8_distilled_20260510T133722Z/layer_noise_0.9_block_48/train/trial_0019/val_eval
[I 2026-05-10 18:55:56,916] Trial 19 finished with value: 29.221435793731043 and parameters: {'lr': 9.112084128938676e-05, 'weight_decay': 6.867691807016495e-05, 'batch_size': 64, 'epochs': 50, 'hidden_dims': '512', 'dropout': 0.2884745869448389}. Best is trial 0 with value: 34.47927199191102.
[eval.mvp] Starting eval | split_name=train split_dir=data/splits/mvp/full_60_20_20 predictor_mode=from_file annotation_file=data/annotations/mvp_full.jsonl
[eval.mvp] Loaded split assignments | split_pairs=2965 split_samples=5930
[eval.mvp] Prepared samples | n_pairs_before_trim=2965 n_samples_before_trim=5930 n_pairs_after_trim=2965 n_samples_after_trim=5930 max_pairs=0
[eval.mvp] Generated predictions | n_predictions=5930
[eval.mvp] Scoring complete | accuracy=99.7302 pair_consistency=99.4604 n_pairs=2965 n_samples=5930
[eval.mvp] Artifacts written | output_dir=artifacts/probes/mvp/mvp_probe_mlp_ltx_video_ltxv_13b_0_9_8_distilled_20260510T133722Z/layer_noise_0.9_block_48/eval/train
[eval.mvp] Starting eval | split_name=val split_dir=data/splits/mvp/full_60_20_20 predictor_mode=from_file annotation_file=data/annotations/mvp_full.jsonl
[eval.mvp] Loaded split assignments | split_pairs=989 split_samples=1978
[eval.mvp] Prepared samples | n_pairs_before_trim=989 n_samples_before_trim=1978 n_pairs_after_trim=989 n_samples_after_trim=1978 max_pairs=0
[eval.mvp] Generated predictions | n_predictions=1978
[eval.mvp] Scoring complete | accuracy=61.7796 pair_consistency=34.4793 n_pairs=989 n_samples=1978
[eval.mvp] Artifacts written | output_dir=artifacts/probes/mvp/mvp_probe_mlp_ltx_video_ltxv_13b_0_9_8_distilled_20260510T133722Z/layer_noise_0.9_block_48/eval/val
[eval.mvp] Starting eval | split_name=test split_dir=data/splits/mvp/full_60_20_20 predictor_mode=from_file annotation_file=data/annotations/mvp_full.jsonl
[eval.mvp] Loaded split assignments | split_pairs=989 split_samples=1978
[eval.mvp] Prepared samples | n_pairs_before_trim=989 n_samples_before_trim=1978 n_pairs_after_trim=989 n_samples_after_trim=1978 max_pairs=0
[eval.mvp] Generated predictions | n_predictions=1978
[eval.mvp] Scoring complete | accuracy=59.9596 pair_consistency=33.1648 n_pairs=989 n_samples=1978
[eval.mvp] Artifacts written | output_dir=artifacts/probes/mvp/mvp_probe_mlp_ltx_video_ltxv_13b_0_9_8_distilled_20260510T133722Z/layer_noise_0.9_block_48/eval/test
[I 2026-05-10 18:56:06,269] A new study created in RDB with name: mvp_mlp_ltx_video_layer_noise_0.8_block_48
[eval.mvp] Starting eval | split_name=val split_dir=data/splits/mvp/full_60_20_20 predictor_mode=from_file annotation_file=data/annotations/mvp_full.jsonl
[eval.mvp] Loaded split assignments | split_pairs=989 split_samples=1978
[eval.mvp] Prepared samples | n_pairs_before_trim=989 n_samples_before_trim=1978 n_pairs_after_trim=989 n_samples_after_trim=1978 max_pairs=0
[eval.mvp] Generated predictions | n_predictions=1978
[eval.mvp] Scoring complete | accuracy=65.3185 pair_consistency=40.6471 n_pairs=989 n_samples=1978
[eval.mvp] Artifacts written | output_dir=artifacts/probes/mvp/mvp_probe_mlp_ltx_video_ltxv_13b_0_9_8_distilled_20260510T133722Z/layer_noise_0.8_block_48/train/trial_0000/val_eval
[I 2026-05-10 19:13:27,561] Trial 0 finished with value: 40.647118301314464 and parameters: {'lr': 0.0001329291894316216, 'weight_decay': 0.005061576888752304, 'batch_size': 32, 'epochs': 2000, 'hidden_dims': '256', 'dropout': 0.21597250932105788}. Best is trial 0 with value: 40.647118301314464.
[eval.mvp] Starting eval | split_name=val split_dir=data/splits/mvp/full_60_20_20 predictor_mode=from_file annotation_file=data/annotations/mvp_full.jsonl
[eval.mvp] Loaded split assignments | split_pairs=989 split_samples=1978
[eval.mvp] Prepared samples | n_pairs_before_trim=989 n_samples_before_trim=1978 n_pairs_after_trim=989 n_samples_after_trim=1978 max_pairs=0
[eval.mvp] Generated predictions | n_predictions=1978
[eval.mvp] Scoring complete | accuracy=57.6845 pair_consistency=24.6714 n_pairs=989 n_samples=1978
[eval.mvp] Artifacts written | output_dir=artifacts/probes/mvp/mvp_probe_mlp_ltx_video_ltxv_13b_0_9_8_distilled_20260510T133722Z/layer_noise_0.8_block_48/train/trial_0001/val_eval
[I 2026-05-10 19:13:46,972] Trial 1 finished with value: 24.67138523761375 and parameters: {'lr': 7.476312062252303e-05, 'weight_decay': 4.689400963537693e-05, 'batch_size': 256, 'epochs': 20, 'hidden_dims': '512x256', 'dropout': 0.048836057003191935}. Best is trial 0 with value: 40.647118301314464.
[eval.mvp] Starting eval | split_name=val split_dir=data/splits/mvp/full_60_20_20 predictor_mode=from_file annotation_file=data/annotations/mvp_full.jsonl
[eval.mvp] Loaded split assignments | split_pairs=989 split_samples=1978
[eval.mvp] Prepared samples | n_pairs_before_trim=989 n_samples_before_trim=1978 n_pairs_after_trim=989 n_samples_after_trim=1978 max_pairs=0
[eval.mvp] Generated predictions | n_predictions=1978
[eval.mvp] Scoring complete | accuracy=61.6785 pair_consistency=33.4681 n_pairs=989 n_samples=1978
[eval.mvp] Artifacts written | output_dir=artifacts/probes/mvp/mvp_probe_mlp_ltx_video_ltxv_13b_0_9_8_distilled_20260510T133722Z/layer_noise_0.8_block_48/train/trial_0002/val_eval
[I 2026-05-10 19:14:10,438] Trial 2 finished with value: 33.46814964610718 and parameters: {'lr': 0.0011290133559092666, 'weight_decay': 4.374364439939069e-06, 'batch_size': 256, 'epochs': 50, 'hidden_dims': '256', 'dropout': 0.04424625102595975}. Best is trial 0 with value: 40.647118301314464.
[I 2026-05-10 19:14:35,212] Trial 3 pruned. Pruned at epoch 100 with val_accuracy=62.4368
[I 2026-05-10 19:15:05,378] Trial 4 pruned. Pruned at epoch 100 with val_accuracy=62.6896
[I 2026-05-10 19:18:10,191] Trial 5 pruned. Pruned at epoch 100 with val_accuracy=62.3862
[eval.mvp] Starting eval | split_name=val split_dir=data/splits/mvp/full_60_20_20 predictor_mode=from_file annotation_file=data/annotations/mvp_full.jsonl
[eval.mvp] Loaded split assignments | split_pairs=989 split_samples=1978
[eval.mvp] Prepared samples | n_pairs_before_trim=989 n_samples_before_trim=1978 n_pairs_after_trim=989 n_samples_after_trim=1978 max_pairs=0
[eval.mvp] Generated predictions | n_predictions=1978
[eval.mvp] Scoring complete | accuracy=62.0324 pair_consistency=34.7826 n_pairs=989 n_samples=1978
[eval.mvp] Artifacts written | output_dir=artifacts/probes/mvp/mvp_probe_mlp_ltx_video_ltxv_13b_0_9_8_distilled_20260510T133722Z/layer_noise_0.8_block_48/train/trial_0006/val_eval
[I 2026-05-10 19:18:41,007] Trial 6 finished with value: 34.78260869565217 and parameters: {'lr': 0.000794714742465374, 'weight_decay': 0.0016934155410667966, 'batch_size': 128, 'epochs': 50, 'hidden_dims': '512', 'dropout': 0.0599326836668414}. Best is trial 0 with value: 40.647118301314464.
[eval.mvp] Starting eval | split_name=val split_dir=data/splits/mvp/full_60_20_20 predictor_mode=from_file annotation_file=data/annotations/mvp_full.jsonl
[eval.mvp] Loaded split assignments | split_pairs=989 split_samples=1978
[eval.mvp] Prepared samples | n_pairs_before_trim=989 n_samples_before_trim=1978 n_pairs_after_trim=989 n_samples_after_trim=1978 max_pairs=0
[eval.mvp] Generated predictions | n_predictions=1978
[eval.mvp] Scoring complete | accuracy=57.6340 pair_consistency=26.8959 n_pairs=989 n_samples=1978
[eval.mvp] Artifacts written | output_dir=artifacts/probes/mvp/mvp_probe_mlp_ltx_video_ltxv_13b_0_9_8_distilled_20260510T133722Z/layer_noise_0.8_block_48/train/trial_0007/val_eval
[I 2026-05-10 19:19:10,847] Trial 7 finished with value: 26.895854398382202 and parameters: {'lr': 0.00010300196600986775, 'weight_decay': 0.0045442082254883295, 'batch_size': 128, 'epochs': 20, 'hidden_dims': '1024x512x1024', 'dropout': 0.11978094533348621}. Best is trial 0 with value: 40.647118301314464.
[eval.mvp] Starting eval | split_name=val split_dir=data/splits/mvp/full_60_20_20 predictor_mode=from_file annotation_file=data/annotations/mvp_full.jsonl
[eval.mvp] Loaded split assignments | split_pairs=989 split_samples=1978
[eval.mvp] Prepared samples | n_pairs_before_trim=989 n_samples_before_trim=1978 n_pairs_after_trim=989 n_samples_after_trim=1978 max_pairs=0
[eval.mvp] Generated predictions | n_predictions=1978
[eval.mvp] Scoring complete | accuracy=61.8807 pair_consistency=33.8726 n_pairs=989 n_samples=1978
[eval.mvp] Artifacts written | output_dir=artifacts/probes/mvp/mvp_probe_mlp_ltx_video_ltxv_13b_0_9_8_distilled_20260510T133722Z/layer_noise_0.8_block_48/train/trial_0008/val_eval
[I 2026-05-10 19:20:09,690] Trial 8 finished with value: 33.872598584428715 and parameters: {'lr': 2.7207248059486674e-05, 'weight_decay': 8.64403589520682e-06, 'batch_size': 32, 'epochs': 50, 'hidden_dims': '512', 'dropout': 0.3387821809211412}. Best is trial 0 with value: 40.647118301314464.
[eval.mvp] Starting eval | split_name=val split_dir=data/splits/mvp/full_60_20_20 predictor_mode=from_file annotation_file=data/annotations/mvp_full.jsonl
[eval.mvp] Loaded split assignments | split_pairs=989 split_samples=1978
[eval.mvp] Prepared samples | n_pairs_before_trim=989 n_samples_before_trim=1978 n_pairs_after_trim=989 n_samples_after_trim=1978 max_pairs=0
[eval.mvp] Generated predictions | n_predictions=1978
[eval.mvp] Scoring complete | accuracy=56.3701 pair_consistency=25.2781 n_pairs=989 n_samples=1978
[eval.mvp] Artifacts written | output_dir=artifacts/probes/mvp/mvp_probe_mlp_ltx_video_ltxv_13b_0_9_8_distilled_20260510T133722Z/layer_noise_0.8_block_48/train/trial_0009/val_eval
[I 2026-05-10 19:20:34,933] Trial 9 finished with value: 25.278058645096056 and parameters: {'lr': 1.1214075785991125e-05, 'weight_decay': 1.1818390883060214e-05, 'batch_size': 256, 'epochs': 50, 'hidden_dims': '256', 'dropout': 0.12092614545022584}. Best is trial 0 with value: 40.647118301314464.
