[I 2026-05-10 21:20:41,031] Trial 19 finished with value: 34.07482305358948 and parameters: {'lr': 9.112084128938676e-05, 'weight_decay': 6.867691807016495e-05, 'batch_size': 64, 'epochs': 50, 'hidden_dims': '512', 'dropout': 0.2884745869448389}. Best is trial 0 with value: 66.43073811931244.
[eval.mvp] Starting eval | split_name=train split_dir=data/splits/mvp/full_60_20_20 predictor_mode=from_file annotation_file=data/annotations/mvp_full.jsonl
[eval.mvp] Loaded split assignments | split_pairs=2965 split_samples=5930
[eval.mvp] Prepared samples | n_pairs_before_trim=2965 n_samples_before_trim=5930 n_pairs_after_trim=2965 n_samples_after_trim=5930 max_pairs=0
[eval.mvp] Generated predictions | n_predictions=5930
[eval.mvp] Scoring complete | accuracy=98.0438 pair_consistency=96.1214 n_pairs=2965 n_samples=5930
[eval.mvp] Artifacts written | output_dir=artifacts/probes/mvp/mvp_probe_mlp_ltx_video_ltxv_13b_0_9_8_distilled_20260510T133730Z/layer_noise_0.5_block_12/eval/train
[eval.mvp] Starting eval | split_name=val split_dir=data/splits/mvp/full_60_20_20 predictor_mode=from_file annotation_file=data/annotations/mvp_full.jsonl
[eval.mvp] Loaded split assignments | split_pairs=989 split_samples=1978
[eval.mvp] Prepared samples | n_pairs_before_trim=989 n_samples_before_trim=1978 n_pairs_after_trim=989 n_samples_after_trim=1978 max_pairs=0
[eval.mvp] Generated predictions | n_predictions=1978
[eval.mvp] Scoring complete | accuracy=81.2942 pair_consistency=66.4307 n_pairs=989 n_samples=1978
[eval.mvp] Artifacts written | output_dir=artifacts/probes/mvp/mvp_probe_mlp_ltx_video_ltxv_13b_0_9_8_distilled_20260510T133730Z/layer_noise_0.5_block_12/eval/val
[eval.mvp] Starting eval | split_name=test split_dir=data/splits/mvp/full_60_20_20 predictor_mode=from_file annotation_file=data/annotations/mvp_full.jsonl
[eval.mvp] Loaded split assignments | split_pairs=989 split_samples=1978
[eval.mvp] Prepared samples | n_pairs_before_trim=989 n_samples_before_trim=1978 n_pairs_after_trim=989 n_samples_after_trim=1978 max_pairs=0
[eval.mvp] Generated predictions | n_predictions=1978
[eval.mvp] Scoring complete | accuracy=79.0698 pair_consistency=62.6896 n_pairs=989 n_samples=1978
[eval.mvp] Artifacts written | output_dir=artifacts/probes/mvp/mvp_probe_mlp_ltx_video_ltxv_13b_0_9_8_distilled_20260510T133730Z/layer_noise_0.5_block_12/eval/test
[I 2026-05-10 21:20:53,391] A new study created in RDB with name: mvp_mlp_ltx_video_layer_noise_0.4_block_12
[eval.mvp] Starting eval | split_name=val split_dir=data/splits/mvp/full_60_20_20 predictor_mode=from_file annotation_file=data/annotations/mvp_full.jsonl
[eval.mvp] Loaded split assignments | split_pairs=989 split_samples=1978
[eval.mvp] Prepared samples | n_pairs_before_trim=989 n_samples_before_trim=1978 n_pairs_after_trim=989 n_samples_after_trim=1978 max_pairs=0
[eval.mvp] Generated predictions | n_predictions=1978
[eval.mvp] Scoring complete | accuracy=80.9403 pair_consistency=66.3296 n_pairs=989 n_samples=1978
[eval.mvp] Artifacts written | output_dir=artifacts/probes/mvp/mvp_probe_mlp_ltx_video_ltxv_13b_0_9_8_distilled_20260510T133730Z/layer_noise_0.4_block_12/train/trial_0000/val_eval
[I 2026-05-10 21:36:38,672] Trial 0 finished with value: 66.32962588473205 and parameters: {'lr': 0.0001329291894316216, 'weight_decay': 0.005061576888752304, 'batch_size': 32, 'epochs': 2000, 'hidden_dims': '256', 'dropout': 0.21597250932105788}. Best is trial 0 with value: 66.32962588473205.
[eval.mvp] Starting eval | split_name=val split_dir=data/splits/mvp/full_60_20_20 predictor_mode=from_file annotation_file=data/annotations/mvp_full.jsonl
[eval.mvp] Loaded split assignments | split_pairs=989 split_samples=1978
[eval.mvp] Prepared samples | n_pairs_before_trim=989 n_samples_before_trim=1978 n_pairs_after_trim=989 n_samples_after_trim=1978 max_pairs=0
[eval.mvp] Generated predictions | n_predictions=1978
[eval.mvp] Scoring complete | accuracy=56.5723 pair_consistency=19.9191 n_pairs=989 n_samples=1978
[eval.mvp] Artifacts written | output_dir=artifacts/probes/mvp/mvp_probe_mlp_ltx_video_ltxv_13b_0_9_8_distilled_20260510T133730Z/layer_noise_0.4_block_12/train/trial_0001/val_eval
[I 2026-05-10 21:36:56,681] Trial 1 finished with value: 19.919110212335692 and parameters: {'lr': 7.476312062252303e-05, 'weight_decay': 4.689400963537693e-05, 'batch_size': 256, 'epochs': 20, 'hidden_dims': '512x256', 'dropout': 0.048836057003191935}. Best is trial 0 with value: 66.32962588473205.
[eval.mvp] Starting eval | split_name=val split_dir=data/splits/mvp/full_60_20_20 predictor_mode=from_file annotation_file=data/annotations/mvp_full.jsonl
[eval.mvp] Loaded split assignments | split_pairs=989 split_samples=1978
[eval.mvp] Prepared samples | n_pairs_before_trim=989 n_samples_before_trim=1978 n_pairs_after_trim=989 n_samples_after_trim=1978 max_pairs=0
[eval.mvp] Generated predictions | n_predictions=1978
[eval.mvp] Scoring complete | accuracy=60.9201 pair_consistency=30.7381 n_pairs=989 n_samples=1978
[eval.mvp] Artifacts written | output_dir=artifacts/probes/mvp/mvp_probe_mlp_ltx_video_ltxv_13b_0_9_8_distilled_20260510T133730Z/layer_noise_0.4_block_12/train/trial_0002/val_eval
[I 2026-05-10 21:37:19,185] Trial 2 finished with value: 30.738119312436808 and parameters: {'lr': 0.0011290133559092666, 'weight_decay': 4.374364439939069e-06, 'batch_size': 256, 'epochs': 50, 'hidden_dims': '256', 'dropout': 0.04424625102595975}. Best is trial 0 with value: 66.32962588473205.
[I 2026-05-10 21:37:42,527] Trial 3 pruned. Pruned at epoch 100 with val_accuracy=64.2063
[I 2026-05-10 21:38:07,956] Trial 4 pruned. Pruned at epoch 100 with val_accuracy=59.5551
[I 2026-05-10 21:41:06,909] Trial 5 pruned. Pruned at epoch 100 with val_accuracy=60.7179
[eval.mvp] Starting eval | split_name=val split_dir=data/splits/mvp/full_60_20_20 predictor_mode=from_file annotation_file=data/annotations/mvp_full.jsonl
[eval.mvp] Loaded split assignments | split_pairs=989 split_samples=1978
[eval.mvp] Prepared samples | n_pairs_before_trim=989 n_samples_before_trim=1978 n_pairs_after_trim=989 n_samples_after_trim=1978 max_pairs=0
[eval.mvp] Generated predictions | n_predictions=1978
[eval.mvp] Scoring complete | accuracy=62.4368 pair_consistency=33.4681 n_pairs=989 n_samples=1978
[eval.mvp] Artifacts written | output_dir=artifacts/probes/mvp/mvp_probe_mlp_ltx_video_ltxv_13b_0_9_8_distilled_20260510T133730Z/layer_noise_0.4_block_12/train/trial_0006/val_eval
[I 2026-05-10 21:41:43,476] Trial 6 finished with value: 33.46814964610718 and parameters: {'lr': 0.000794714742465374, 'weight_decay': 0.0016934155410667966, 'batch_size': 128, 'epochs': 50, 'hidden_dims': '512', 'dropout': 0.0599326836668414}. Best is trial 0 with value: 66.32962588473205.
[eval.mvp] Starting eval | split_name=val split_dir=data/splits/mvp/full_60_20_20 predictor_mode=from_file annotation_file=data/annotations/mvp_full.jsonl
[eval.mvp] Loaded split assignments | split_pairs=989 split_samples=1978
[eval.mvp] Prepared samples | n_pairs_before_trim=989 n_samples_before_trim=1978 n_pairs_after_trim=989 n_samples_after_trim=1978 max_pairs=0
[eval.mvp] Generated predictions | n_predictions=1978
[eval.mvp] Scoring complete | accuracy=53.9939 pair_consistency=15.0657 n_pairs=989 n_samples=1978
[eval.mvp] Artifacts written | output_dir=artifacts/probes/mvp/mvp_probe_mlp_ltx_video_ltxv_13b_0_9_8_distilled_20260510T133730Z/layer_noise_0.4_block_12/train/trial_0007/val_eval
[I 2026-05-10 21:42:12,120] Trial 7 finished with value: 15.06572295247725 and parameters: {'lr': 0.00010300196600986775, 'weight_decay': 0.0045442082254883295, 'batch_size': 128, 'epochs': 20, 'hidden_dims': '1024x512x1024', 'dropout': 0.11978094533348621}. Best is trial 0 with value: 66.32962588473205.
[eval.mvp] Starting eval | split_name=val split_dir=data/splits/mvp/full_60_20_20 predictor_mode=from_file annotation_file=data/annotations/mvp_full.jsonl
[eval.mvp] Loaded split assignments | split_pairs=989 split_samples=1978
[eval.mvp] Prepared samples | n_pairs_before_trim=989 n_samples_before_trim=1978 n_pairs_after_trim=989 n_samples_after_trim=1978 max_pairs=0
[eval.mvp] Generated predictions | n_predictions=1978
[eval.mvp] Scoring complete | accuracy=62.1335 pair_consistency=33.3670 n_pairs=989 n_samples=1978
[eval.mvp] Artifacts written | output_dir=artifacts/probes/mvp/mvp_probe_mlp_ltx_video_ltxv_13b_0_9_8_distilled_20260510T133730Z/layer_noise_0.4_block_12/train/trial_0008/val_eval
Traceback (most recent call last):
  File "/home/scur0511/.conda/envs/probe4physics-gpu/lib/python3.11/site-packages/sqlalchemy/engine/base.py", line 1967, in _exec_single_context
    self.dialect.do_execute(
  File "/home/scur0511/.conda/envs/probe4physics-gpu/lib/python3.11/site-packages/sqlalchemy/engine/default.py", line 952, in do_execute
    cursor.execute(statement, parameters)
sqlite3.OperationalError: disk I/O error

The above exception was the direct cause of the following exception:

Traceback (most recent call last):
  File "/home/scur0511/.conda/envs/probe4physics-gpu/lib/python3.11/site-packages/optuna/storages/_rdb/storage.py", line 80, in _create_scoped_session
    session.commit()
  File "/home/scur0511/.conda/envs/probe4physics-gpu/lib/python3.11/site-packages/sqlalchemy/orm/session.py", line 2030, in commit
    trans.commit(_to_root=True)
  File "<string>", line 2, in commit
  File "/home/scur0511/.conda/envs/probe4physics-gpu/lib/python3.11/site-packages/sqlalchemy/orm/state_changes.py", line 137, in _go
    ret_value = fn(self, *arg, **kw)
                ^^^^^^^^^^^^^^^^^^^^
  File "/home/scur0511/.conda/envs/probe4physics-gpu/lib/python3.11/site-packages/sqlalchemy/orm/session.py", line 1311, in commit
    self._prepare_impl()
  File "<string>", line 2, in _prepare_impl
  File "/home/scur0511/.conda/envs/probe4physics-gpu/lib/python3.11/site-packages/sqlalchemy/orm/state_changes.py", line 137, in _go
    ret_value = fn(self, *arg, **kw)
                ^^^^^^^^^^^^^^^^^^^^
  File "/home/scur0511/.conda/envs/probe4physics-gpu/lib/python3.11/site-packages/sqlalchemy/orm/session.py", line 1286, in _prepare_impl
    self.session.flush()
  File "/home/scur0511/.conda/envs/probe4physics-gpu/lib/python3.11/site-packages/sqlalchemy/orm/session.py", line 4331, in flush
    self._flush(objects)
  File "/home/scur0511/.conda/envs/probe4physics-gpu/lib/python3.11/site-packages/sqlalchemy/orm/session.py", line 4466, in _flush
    with util.safe_reraise():
  File "/home/scur0511/.conda/envs/probe4physics-gpu/lib/python3.11/site-packages/sqlalchemy/util/langhelpers.py", line 121, in __exit__
    raise exc_value.with_traceback(exc_tb)
  File "/home/scur0511/.conda/envs/probe4physics-gpu/lib/python3.11/site-packages/sqlalchemy/orm/session.py", line 4427, in _flush
    flush_context.execute()
  File "/home/scur0511/.conda/envs/probe4physics-gpu/lib/python3.11/site-packages/sqlalchemy/orm/unitofwork.py", line 466, in execute
    rec.execute(self)
  File "/home/scur0511/.conda/envs/probe4physics-gpu/lib/python3.11/site-packages/sqlalchemy/orm/unitofwork.py", line 642, in execute
    util.preloaded.orm_persistence.save_obj(
  File "/home/scur0511/.conda/envs/probe4physics-gpu/lib/python3.11/site-packages/sqlalchemy/orm/persistence.py", line 85, in save_obj
    _emit_update_statements(
  File "/home/scur0511/.conda/envs/probe4physics-gpu/lib/python3.11/site-packages/sqlalchemy/orm/persistence.py", line 912, in _emit_update_statements
    c = connection.execute(
        ^^^^^^^^^^^^^^^^^^^
  File "/home/scur0511/.conda/envs/probe4physics-gpu/lib/python3.11/site-packages/sqlalchemy/engine/base.py", line 1419, in execute
    return meth(
           ^^^^^
  File "/home/scur0511/.conda/envs/probe4physics-gpu/lib/python3.11/site-packages/sqlalchemy/sql/elements.py", line 527, in _execute_on_connection
    return connection._execute_clauseelement(
           ^^^^^^^^^^^^^^^^^^^^^^^^^^^^^^^^^^
  File "/home/scur0511/.conda/envs/probe4physics-gpu/lib/python3.11/site-packages/sqlalchemy/engine/base.py", line 1641, in _execute_clauseelement
    ret = self._execute_context(
          ^^^^^^^^^^^^^^^^^^^^^^
  File "/home/scur0511/.conda/envs/probe4physics-gpu/lib/python3.11/site-packages/sqlalchemy/engine/base.py", line 1846, in _execute_context
    return self._exec_single_context(
           ^^^^^^^^^^^^^^^^^^^^^^^^^^
  File "/home/scur0511/.conda/envs/probe4physics-gpu/lib/python3.11/site-packages/sqlalchemy/engine/base.py", line 1986, in _exec_single_context
    self._handle_dbapi_exception(
  File "/home/scur0511/.conda/envs/probe4physics-gpu/lib/python3.11/site-packages/sqlalchemy/engine/base.py", line 2363, in _handle_dbapi_exception
    raise sqlalchemy_exception.with_traceback(exc_info[2]) from e
  File "/home/scur0511/.conda/envs/probe4physics-gpu/lib/python3.11/site-packages/sqlalchemy/engine/base.py", line 1967, in _exec_single_context
    self.dialect.do_execute(
  File "/home/scur0511/.conda/envs/probe4physics-gpu/lib/python3.11/site-packages/sqlalchemy/engine/default.py", line 952, in do_execute
    cursor.execute(statement, parameters)
sqlalchemy.exc.OperationalError: (sqlite3.OperationalError) disk I/O error
[SQL: UPDATE trials SET state=?, datetime_complete=? WHERE trials.trial_id = ?]
[parameters: ('FAIL', '2026-05-10 21:43:05.962973', 9)]
(Background on this error at: https://sqlalche.me/e/20/e3q8)

The above exception was the direct cause of the following exception:

Traceback (most recent call last):
  File "/home/scur0511/.conda/envs/probe4physics-gpu/lib/python3.11/site-packages/optuna/study/_optimize.py", line 218, in _run_trial
    updated_state, values, warning_message = _tell_with_warning(
                                             ^^^^^^^^^^^^^^^^^^^
  File "/home/scur0511/.conda/envs/probe4physics-gpu/lib/python3.11/site-packages/optuna/study/_tell.py", line 174, in _tell_with_warning
    study._storage.set_trial_state_values(frozen_trial._trial_id, state, values)
  File "/home/scur0511/.conda/envs/probe4physics-gpu/lib/python3.11/site-packages/optuna/storages/_cached_storage.py", line 194, in set_trial_state_values
    return self._backend.set_trial_state_values(trial_id, state=state, values=values)
           ^^^^^^^^^^^^^^^^^^^^^^^^^^^^^^^^^^^^^^^^^^^^^^^^^^^^^^^^^^^^^^^^^^^^^^^^^^
  File "/home/scur0511/.conda/envs/probe4physics-gpu/lib/python3.11/site-packages/optuna/storages/_rdb/storage.py", line 657, in set_trial_state_values
    with _create_scoped_session(self.scoped_session) as session:
  File "/home/scur0511/.conda/envs/probe4physics-gpu/lib/python3.11/contextlib.py", line 144, in __exit__
    next(self.gen)
  File "/home/scur0511/.conda/envs/probe4physics-gpu/lib/python3.11/site-packages/optuna/storages/_rdb/storage.py", line 98, in _create_scoped_session
    raise optuna.exceptions.StorageInternalError(message) from e
optuna.exceptions.StorageInternalError: An exception is raised during the commit. This typically happens due to invalid data in the commit, e.g. exceeding max length. 

During handling of the above exception, another exception occurred:

Traceback (most recent call last):
  File "/gpfs/home3/scur0511/Probe4Physics/run.py", line 388, in <module>
    main()
  File "/gpfs/home3/scur0511/Probe4Physics/run.py", line 84, in main
    result = command.handler(config)
             ^^^^^^^^^^^^^^^^^^^^^^^
  File "/gpfs/home3/scur0511/Probe4Physics/training/run_probe.py", line 293, in run_mvp_train_eval_probe
    return run_probe_train_eval("mvp", config)
           ^^^^^^^^^^^^^^^^^^^^^^^^^^^^^^^^^^^
  File "/gpfs/home3/scur0511/Probe4Physics/training/run_probe.py", line 337, in run_probe_train_eval
    train_summary = _run_train_workflow(
                    ^^^^^^^^^^^^^^^^^^^^
  File "/gpfs/home3/scur0511/Probe4Physics/training/run_probe.py", line 397, in _run_train_workflow
    return _run_optuna_study(dataset, config, probe_cfg, study_root=output_dir)
           ^^^^^^^^^^^^^^^^^^^^^^^^^^^^^^^^^^^^^^^^^^^^^^^^^^^^^^^^^^^^^^^^^^^^
  File "/gpfs/home3/scur0511/Probe4Physics/training/run_probe.py", line 1196, in _run_optuna_study
    study.optimize(
  File "/home/scur0511/.conda/envs/probe4physics-gpu/lib/python3.11/site-packages/optuna/study/study.py", line 490, in optimize
    _optimize(
  File "/home/scur0511/.conda/envs/probe4physics-gpu/lib/python3.11/site-packages/optuna/study/_optimize.py", line 68, in _optimize
    _optimize_sequential(
  File "/home/scur0511/.conda/envs/probe4physics-gpu/lib/python3.11/site-packages/optuna/study/_optimize.py", line 165, in _optimize_sequential
    frozen_trial_id = _run_trial(study, func, catch)
                      ^^^^^^^^^^^^^^^^^^^^^^^^^^^^^^
  File "/home/scur0511/.conda/envs/probe4physics-gpu/lib/python3.11/site-packages/optuna/study/_optimize.py", line 256, in _run_trial
    assert False, "Should not reach."
           ^^^^^
AssertionError: Should not reach.
