============================================================================================== 
Warning! Mixing Conda and module environments may lead to corruption of the
user environment. 
We do not recommend users mixing those two environments unless absolutely
necessary. Note that 
SURF does not provide any support for Conda environment.
For more information, please refer to our software policy page:
https://servicedesk.surf.nl/wiki/display/WIKI/Software+policy+Snellius#SoftwarepolicySnellius-UseofAnacondaandMinicondaenvironmentsonSnellius 

Remember that many packages have already been installed on the system and can
be loaded using 
the 'module load <package__name>' command. If you are uncertain if a package is
already available 
on the system, please use 'module avail' or 'module spider' to search for it.
============================================================================================== 
[I 2026-05-12 00:56:52,392] A new study created in RDB with name: mvp_mlp_ltx_video_layer_noise_0.4_block_24
[eval.mvp] Starting eval | split_name=val split_dir=data/splits/mvp/full_60_20_20 predictor_mode=from_file annotation_file=data/annotations/mvp_full.jsonl
[eval.mvp] Loaded split assignments | split_pairs=989 split_samples=1978
[eval.mvp] Prepared samples | n_pairs_before_trim=989 n_samples_before_trim=1978 n_pairs_after_trim=989 n_samples_after_trim=1978 max_pairs=0
[eval.mvp] Generated predictions | n_predictions=1978
[eval.mvp] Scoring complete | accuracy=83.6198 pair_consistency=70.5763 n_pairs=989 n_samples=1978
[eval.mvp] Artifacts written | output_dir=artifacts/probes/mvp/mvp_probe_mlp_ltx_video_retry_missing_20260511/layer_noise_0.4_block_24/train/trial_0000/val_eval
[I 2026-05-12 02:56:12,835] Trial 0 finished with value: 70.57633973710819 and parameters: {'lr': 0.0001329291894316216, 'weight_decay': 0.005061576888752304, 'batch_size': 32, 'epochs': 2000, 'hidden_dims': '256', 'dropout': 0.21597250932105788}. Best is trial 0 with value: 70.57633973710819.
[eval.mvp] Starting eval | split_name=val split_dir=data/splits/mvp/full_60_20_20 predictor_mode=from_file annotation_file=data/annotations/mvp_full.jsonl
[eval.mvp] Loaded split assignments | split_pairs=989 split_samples=1978
[eval.mvp] Prepared samples | n_pairs_before_trim=989 n_samples_before_trim=1978 n_pairs_after_trim=989 n_samples_after_trim=1978 max_pairs=0
[eval.mvp] Generated predictions | n_predictions=1978
[eval.mvp] Scoring complete | accuracy=61.1223 pair_consistency=31.0415 n_pairs=989 n_samples=1978
[eval.mvp] Artifacts written | output_dir=artifacts/probes/mvp/mvp_probe_mlp_ltx_video_retry_missing_20260511/layer_noise_0.4_block_24/train/trial_0001/val_eval
[I 2026-05-12 02:58:42,679] Trial 1 finished with value: 31.04145601617796 and parameters: {'lr': 7.476312062252303e-05, 'weight_decay': 4.689400963537693e-05, 'batch_size': 256, 'epochs': 20, 'hidden_dims': '512x256', 'dropout': 0.048836057003191935}. Best is trial 0 with value: 70.57633973710819.
[eval.mvp] Starting eval | split_name=val split_dir=data/splits/mvp/full_60_20_20 predictor_mode=from_file annotation_file=data/annotations/mvp_full.jsonl
[eval.mvp] Loaded split assignments | split_pairs=989 split_samples=1978
[eval.mvp] Prepared samples | n_pairs_before_trim=989 n_samples_before_trim=1978 n_pairs_after_trim=989 n_samples_after_trim=1978 max_pairs=0
[eval.mvp] Generated predictions | n_predictions=1978
[eval.mvp] Scoring complete | accuracy=64.9141 pair_consistency=31.7492 n_pairs=989 n_samples=1978
[eval.mvp] Artifacts written | output_dir=artifacts/probes/mvp/mvp_probe_mlp_ltx_video_retry_missing_20260511/layer_noise_0.4_block_24/train/trial_0002/val_eval
[I 2026-05-12 03:02:40,121] Trial 2 finished with value: 31.749241658240646 and parameters: {'lr': 0.0011290133559092666, 'weight_decay': 4.374364439939069e-06, 'batch_size': 256, 'epochs': 50, 'hidden_dims': '256', 'dropout': 0.04424625102595975}. Best is trial 0 with value: 70.57633973710819.
[I 2026-05-12 03:08:11,131] Trial 3 pruned. Pruned at epoch 100 with val_accuracy=68.4024
[I 2026-05-12 03:12:41,219] Trial 4 pruned. Pruned at epoch 100 with val_accuracy=67.7452
[I 2026-05-12 03:22:06,937] Trial 5 pruned. Pruned at epoch 100 with val_accuracy=66.2285
[eval.mvp] Starting eval | split_name=val split_dir=data/splits/mvp/full_60_20_20 predictor_mode=from_file annotation_file=data/annotations/mvp_full.jsonl
[eval.mvp] Loaded split assignments | split_pairs=989 split_samples=1978
[eval.mvp] Prepared samples | n_pairs_before_trim=989 n_samples_before_trim=1978 n_pairs_after_trim=989 n_samples_after_trim=1978 max_pairs=0
[eval.mvp] Generated predictions | n_predictions=1978
[eval.mvp] Scoring complete | accuracy=68.8069 pair_consistency=42.6694 n_pairs=989 n_samples=1978
[eval.mvp] Artifacts written | output_dir=artifacts/probes/mvp/mvp_probe_mlp_ltx_video_retry_missing_20260511/layer_noise_0.4_block_24/train/trial_0006/val_eval
[I 2026-05-12 03:25:50,617] Trial 6 finished with value: 42.669362992922146 and parameters: {'lr': 0.000794714742465374, 'weight_decay': 0.0016934155410667966, 'batch_size': 128, 'epochs': 50, 'hidden_dims': '512', 'dropout': 0.0599326836668414}. Best is trial 0 with value: 70.57633973710819.
[eval.mvp] Starting eval | split_name=val split_dir=data/splits/mvp/full_60_20_20 predictor_mode=from_file annotation_file=data/annotations/mvp_full.jsonl
[eval.mvp] Loaded split assignments | split_pairs=989 split_samples=1978
[eval.mvp] Prepared samples | n_pairs_before_trim=989 n_samples_before_trim=1978 n_pairs_after_trim=989 n_samples_after_trim=1978 max_pairs=0
[eval.mvp] Generated predictions | n_predictions=1978
[eval.mvp] Scoring complete | accuracy=60.3640 pair_consistency=23.9636 n_pairs=989 n_samples=1978
[eval.mvp] Artifacts written | output_dir=artifacts/probes/mvp/mvp_probe_mlp_ltx_video_retry_missing_20260511/layer_noise_0.4_block_24/train/trial_0007/val_eval
[I 2026-05-12 03:28:10,601] Trial 7 finished with value: 23.96359959555106 and parameters: {'lr': 0.00010300196600986775, 'weight_decay': 0.0045442082254883295, 'batch_size': 128, 'epochs': 20, 'hidden_dims': '1024x512x1024', 'dropout': 0.11978094533348621}. Best is trial 0 with value: 70.57633973710819.
[eval.mvp] Starting eval | split_name=val split_dir=data/splits/mvp/full_60_20_20 predictor_mode=from_file annotation_file=data/annotations/mvp_full.jsonl
[eval.mvp] Loaded split assignments | split_pairs=989 split_samples=1978
[eval.mvp] Prepared samples | n_pairs_before_trim=989 n_samples_before_trim=1978 n_pairs_after_trim=989 n_samples_after_trim=1978 max_pairs=0
[eval.mvp] Generated predictions | n_predictions=1978
[eval.mvp] Scoring complete | accuracy=67.0880 pair_consistency=41.4560 n_pairs=989 n_samples=1978
[eval.mvp] Artifacts written | output_dir=artifacts/probes/mvp/mvp_probe_mlp_ltx_video_retry_missing_20260511/layer_noise_0.4_block_24/train/trial_0008/val_eval
[I 2026-05-12 03:31:58,470] Trial 8 finished with value: 41.45601617795754 and parameters: {'lr': 2.7207248059486674e-05, 'weight_decay': 8.64403589520682e-06, 'batch_size': 32, 'epochs': 50, 'hidden_dims': '512', 'dropout': 0.3387821809211412}. Best is trial 0 with value: 70.57633973710819.
[eval.mvp] Starting eval | split_name=val split_dir=data/splits/mvp/full_60_20_20 predictor_mode=from_file annotation_file=data/annotations/mvp_full.jsonl
[eval.mvp] Loaded split assignments | split_pairs=989 split_samples=1978
[eval.mvp] Prepared samples | n_pairs_before_trim=989 n_samples_before_trim=1978 n_pairs_after_trim=989 n_samples_after_trim=1978 max_pairs=0
[eval.mvp] Generated predictions | n_predictions=1978
[eval.mvp] Scoring complete | accuracy=62.1840 pair_consistency=33.3670 n_pairs=989 n_samples=1978
[eval.mvp] Artifacts written | output_dir=artifacts/probes/mvp/mvp_probe_mlp_ltx_video_retry_missing_20260511/layer_noise_0.4_block_24/train/trial_0009/val_eval
[I 2026-05-12 03:35:06,463] Trial 9 finished with value: 33.367037411526795 and parameters: {'lr': 1.1214075785991125e-05, 'weight_decay': 1.1818390883060214e-05, 'batch_size': 256, 'epochs': 50, 'hidden_dims': '256', 'dropout': 0.12092614545022584}. Best is trial 0 with value: 70.57633973710819.
[I 2026-05-12 03:41:58,077] Trial 10 pruned. Pruned at epoch 100 with val_accuracy=50.0000
[eval.mvp] Starting eval | split_name=val split_dir=data/splits/mvp/full_60_20_20 predictor_mode=from_file annotation_file=data/annotations/mvp_full.jsonl
[eval.mvp] Loaded split assignments | split_pairs=989 split_samples=1978
[eval.mvp] Prepared samples | n_pairs_before_trim=989 n_samples_before_trim=1978 n_pairs_after_trim=989 n_samples_after_trim=1978 max_pairs=0
[eval.mvp] Generated predictions | n_predictions=1978
[eval.mvp] Scoring complete | accuracy=71.1325 pair_consistency=49.0394 n_pairs=989 n_samples=1978
[eval.mvp] Artifacts written | output_dir=artifacts/probes/mvp/mvp_probe_mlp_ltx_video_retry_missing_20260511/layer_noise_0.4_block_24/train/trial_0011/val_eval
[I 2026-05-12 03:50:22,389] Trial 11 finished with value: 49.03943377148635 and parameters: {'lr': 0.000381663861962904, 'weight_decay': 0.00821160806524291, 'batch_size': 32, 'epochs': 100, 'hidden_dims': '1024', 'dropout': 0.23036595192387704}. Best is trial 0 with value: 70.57633973710819.
[I 2026-05-12 03:58:54,462] Trial 12 pruned. Pruned at epoch 100 with val_accuracy=69.1608
[I 2026-05-12 04:06:42,239] Trial 13 pruned. Pruned at epoch 100 with val_accuracy=69.1102
[I 2026-05-12 04:14:55,622] Trial 14 pruned. Pruned at epoch 100 with val_accuracy=69.6158
[I 2026-05-12 04:22:33,575] Trial 15 pruned. Pruned at epoch 100 with val_accuracy=50.0000
[I 2026-05-12 04:30:05,772] Trial 16 pruned. Pruned at epoch 100 with val_accuracy=66.3802
[I 2026-05-12 04:38:35,308] Trial 17 pruned. Pruned at epoch 102 with val_accuracy=69.5147
[I 2026-05-12 04:45:19,985] Trial 18 pruned. Pruned at epoch 102 with val_accuracy=70.4752
[I 2026-05-12 04:52:10,648] Trial 19 pruned. Pruned at epoch 100 with val_accuracy=67.0374
[eval.mvp] Starting eval | split_name=train split_dir=data/splits/mvp/full_60_20_20 predictor_mode=from_file annotation_file=data/annotations/mvp_full.jsonl
[eval.mvp] Loaded split assignments | split_pairs=2965 split_samples=5930
[eval.mvp] Prepared samples | n_pairs_before_trim=2965 n_samples_before_trim=5930 n_pairs_after_trim=2965 n_samples_after_trim=5930 max_pairs=0
[eval.mvp] Generated predictions | n_predictions=5930
[eval.mvp] Scoring complete | accuracy=98.9882 pair_consistency=97.9764 n_pairs=2965 n_samples=5930
[eval.mvp] Artifacts written | output_dir=artifacts/probes/mvp/mvp_probe_mlp_ltx_video_retry_missing_20260511/layer_noise_0.4_block_24/eval/train
[eval.mvp] Starting eval | split_name=val split_dir=data/splits/mvp/full_60_20_20 predictor_mode=from_file annotation_file=data/annotations/mvp_full.jsonl
[eval.mvp] Loaded split assignments | split_pairs=989 split_samples=1978
[eval.mvp] Prepared samples | n_pairs_before_trim=989 n_samples_before_trim=1978 n_pairs_after_trim=989 n_samples_after_trim=1978 max_pairs=0
[eval.mvp] Generated predictions | n_predictions=1978
[eval.mvp] Scoring complete | accuracy=83.6198 pair_consistency=70.5763 n_pairs=989 n_samples=1978
[eval.mvp] Artifacts written | output_dir=artifacts/probes/mvp/mvp_probe_mlp_ltx_video_retry_missing_20260511/layer_noise_0.4_block_24/eval/val
[eval.mvp] Starting eval | split_name=test split_dir=data/splits/mvp/full_60_20_20 predictor_mode=from_file annotation_file=data/annotations/mvp_full.jsonl
[eval.mvp] Loaded split assignments | split_pairs=989 split_samples=1978
[eval.mvp] Prepared samples | n_pairs_before_trim=989 n_samples_before_trim=1978 n_pairs_after_trim=989 n_samples_after_trim=1978 max_pairs=0
[eval.mvp] Generated predictions | n_predictions=1978
[eval.mvp] Scoring complete | accuracy=81.8504 pair_consistency=67.6441 n_pairs=989 n_samples=1978
[eval.mvp] Artifacts written | output_dir=artifacts/probes/mvp/mvp_probe_mlp_ltx_video_retry_missing_20260511/layer_noise_0.4_block_24/eval/test
[I 2026-05-12 04:53:21,728] A new study created in RDB with name: mvp_mlp_ltx_video_layer_noise_0.3_block_24
[eval.mvp] Starting eval | split_name=val split_dir=data/splits/mvp/full_60_20_20 predictor_mode=from_file annotation_file=data/annotations/mvp_full.jsonl
[eval.mvp] Loaded split assignments | split_pairs=989 split_samples=1978
[eval.mvp] Prepared samples | n_pairs_before_trim=989 n_samples_before_trim=1978 n_pairs_after_trim=989 n_samples_after_trim=1978 max_pairs=0
[eval.mvp] Generated predictions | n_predictions=1978
[eval.mvp] Scoring complete | accuracy=83.0637 pair_consistency=69.3630 n_pairs=989 n_samples=1978
[eval.mvp] Artifacts written | output_dir=artifacts/probes/mvp/mvp_probe_mlp_ltx_video_retry_missing_20260511/layer_noise_0.3_block_24/train/trial_0000/val_eval
[I 2026-05-12 06:35:26,367] Trial 0 finished with value: 69.36299292214359 and parameters: {'lr': 0.0001329291894316216, 'weight_decay': 0.005061576888752304, 'batch_size': 32, 'epochs': 2000, 'hidden_dims': '256', 'dropout': 0.21597250932105788}. Best is trial 0 with value: 69.36299292214359.
[eval.mvp] Starting eval | split_name=val split_dir=data/splits/mvp/full_60_20_20 predictor_mode=from_file annotation_file=data/annotations/mvp_full.jsonl
[eval.mvp] Loaded split assignments | split_pairs=989 split_samples=1978
[eval.mvp] Prepared samples | n_pairs_before_trim=989 n_samples_before_trim=1978 n_pairs_after_trim=989 n_samples_after_trim=1978 max_pairs=0
[eval.mvp] Generated predictions | n_predictions=1978
[eval.mvp] Scoring complete | accuracy=61.7796 pair_consistency=30.6370 n_pairs=989 n_samples=1978
[eval.mvp] Artifacts written | output_dir=artifacts/probes/mvp/mvp_probe_mlp_ltx_video_retry_missing_20260511/layer_noise_0.3_block_24/train/trial_0001/val_eval
[I 2026-05-12 06:37:05,642] Trial 1 finished with value: 30.63700707785642 and parameters: {'lr': 7.476312062252303e-05, 'weight_decay': 4.689400963537693e-05, 'batch_size': 256, 'epochs': 20, 'hidden_dims': '512x256', 'dropout': 0.048836057003191935}. Best is trial 0 with value: 69.36299292214359.
[eval.mvp] Starting eval | split_name=val split_dir=data/splits/mvp/full_60_20_20 predictor_mode=from_file annotation_file=data/annotations/mvp_full.jsonl
[eval.mvp] Loaded split assignments | split_pairs=989 split_samples=1978
[eval.mvp] Prepared samples | n_pairs_before_trim=989 n_samples_before_trim=1978 n_pairs_after_trim=989 n_samples_after_trim=1978 max_pairs=0
[eval.mvp] Generated predictions | n_predictions=1978
[eval.mvp] Scoring complete | accuracy=66.6330 pair_consistency=39.1304 n_pairs=989 n_samples=1978
[eval.mvp] Artifacts written | output_dir=artifacts/probes/mvp/mvp_probe_mlp_ltx_video_retry_missing_20260511/layer_noise_0.3_block_24/train/trial_0002/val_eval
[I 2026-05-12 06:39:58,440] Trial 2 finished with value: 39.130434782608695 and parameters: {'lr': 0.0011290133559092666, 'weight_decay': 4.374364439939069e-06, 'batch_size': 256, 'epochs': 50, 'hidden_dims': '256', 'dropout': 0.04424625102595975}. Best is trial 0 with value: 69.36299292214359.
[I 2026-05-12 06:44:18,940] Trial 3 pruned. Pruned at epoch 100 with val_accuracy=67.0374
[I 2026-05-12 06:48:41,769] Trial 4 pruned. Pruned at epoch 100 with val_accuracy=63.9029
[I 2026-05-12 06:56:13,865] Trial 5 pruned. Pruned at epoch 100 with val_accuracy=64.3074
[eval.mvp] Starting eval | split_name=val split_dir=data/splits/mvp/full_60_20_20 predictor_mode=from_file annotation_file=data/annotations/mvp_full.jsonl
[eval.mvp] Loaded split assignments | split_pairs=989 split_samples=1978
[eval.mvp] Prepared samples | n_pairs_before_trim=989 n_samples_before_trim=1978 n_pairs_after_trim=989 n_samples_after_trim=1978 max_pairs=0
[eval.mvp] Generated predictions | n_predictions=1978
[eval.mvp] Scoring complete | accuracy=67.5935 pair_consistency=41.5571 n_pairs=989 n_samples=1978
[eval.mvp] Artifacts written | output_dir=artifacts/probes/mvp/mvp_probe_mlp_ltx_video_retry_missing_20260511/layer_noise_0.3_block_24/train/trial_0006/val_eval
[I 2026-05-12 06:58:56,386] Trial 6 finished with value: 41.55712841253792 and parameters: {'lr': 0.000794714742465374, 'weight_decay': 0.0016934155410667966, 'batch_size': 128, 'epochs': 50, 'hidden_dims': '512', 'dropout': 0.0599326836668414}. Best is trial 0 with value: 69.36299292214359.
[eval.mvp] Starting eval | split_name=val split_dir=data/splits/mvp/full_60_20_20 predictor_mode=from_file annotation_file=data/annotations/mvp_full.jsonl
[eval.mvp] Loaded split assignments | split_pairs=989 split_samples=1978
[eval.mvp] Prepared samples | n_pairs_before_trim=989 n_samples_before_trim=1978 n_pairs_after_trim=989 n_samples_after_trim=1978 max_pairs=0
[eval.mvp] Generated predictions | n_predictions=1978
[eval.mvp] Scoring complete | accuracy=60.0607 pair_consistency=22.3458 n_pairs=989 n_samples=1978
[eval.mvp] Artifacts written | output_dir=artifacts/probes/mvp/mvp_probe_mlp_ltx_video_retry_missing_20260511/layer_noise_0.3_block_24/train/trial_0007/val_eval
[I 2026-05-12 07:00:41,867] Trial 7 finished with value: 22.345803842264914 and parameters: {'lr': 0.00010300196600986775, 'weight_decay': 0.0045442082254883295, 'batch_size': 128, 'epochs': 20, 'hidden_dims': '1024x512x1024', 'dropout': 0.11978094533348621}. Best is trial 0 with value: 69.36299292214359.
[eval.mvp] Starting eval | split_name=val split_dir=data/splits/mvp/full_60_20_20 predictor_mode=from_file annotation_file=data/annotations/mvp_full.jsonl
[eval.mvp] Loaded split assignments | split_pairs=989 split_samples=1978
[eval.mvp] Prepared samples | n_pairs_before_trim=989 n_samples_before_trim=1978 n_pairs_after_trim=989 n_samples_after_trim=1978 max_pairs=0
[eval.mvp] Generated predictions | n_predictions=1978
[eval.mvp] Scoring complete | accuracy=66.3802 pair_consistency=39.0293 n_pairs=989 n_samples=1978
[eval.mvp] Artifacts written | output_dir=artifacts/probes/mvp/mvp_probe_mlp_ltx_video_retry_missing_20260511/layer_noise_0.3_block_24/train/trial_0008/val_eval
[I 2026-05-12 07:03:48,152] Trial 8 finished with value: 39.02932254802831 and parameters: {'lr': 2.7207248059486674e-05, 'weight_decay': 8.64403589520682e-06, 'batch_size': 32, 'epochs': 50, 'hidden_dims': '512', 'dropout': 0.3387821809211412}. Best is trial 0 with value: 69.36299292214359.
[eval.mvp] Starting eval | split_name=val split_dir=data/splits/mvp/full_60_20_20 predictor_mode=from_file annotation_file=data/annotations/mvp_full.jsonl
[eval.mvp] Loaded split assignments | split_pairs=989 split_samples=1978
[eval.mvp] Prepared samples | n_pairs_before_trim=989 n_samples_before_trim=1978 n_pairs_after_trim=989 n_samples_after_trim=1978 max_pairs=0
[eval.mvp] Generated predictions | n_predictions=1978
[eval.mvp] Scoring complete | accuracy=62.0829 pair_consistency=34.1759 n_pairs=989 n_samples=1978
[eval.mvp] Artifacts written | output_dir=artifacts/probes/mvp/mvp_probe_mlp_ltx_video_retry_missing_20260511/layer_noise_0.3_block_24/train/trial_0009/val_eval
[I 2026-05-12 07:06:51,595] Trial 9 finished with value: 34.17593528816987 and parameters: {'lr': 1.1214075785991125e-05, 'weight_decay': 1.1818390883060214e-05, 'batch_size': 256, 'epochs': 50, 'hidden_dims': '256', 'dropout': 0.12092614545022584}. Best is trial 0 with value: 69.36299292214359.
[I 2026-05-12 07:12:46,330] Trial 10 pruned. Pruned at epoch 100 with val_accuracy=50.0000
[eval.mvp] Starting eval | split_name=val split_dir=data/splits/mvp/full_60_20_20 predictor_mode=from_file annotation_file=data/annotations/mvp_full.jsonl
[eval.mvp] Loaded split assignments | split_pairs=989 split_samples=1978
[eval.mvp] Prepared samples | n_pairs_before_trim=989 n_samples_before_trim=1978 n_pairs_after_trim=989 n_samples_after_trim=1978 max_pairs=0
[eval.mvp] Generated predictions | n_predictions=1978
[eval.mvp] Scoring complete | accuracy=70.4752 pair_consistency=46.0061 n_pairs=989 n_samples=1978
[eval.mvp] Artifacts written | output_dir=artifacts/probes/mvp/mvp_probe_mlp_ltx_video_retry_missing_20260511/layer_noise_0.3_block_24/train/trial_0011/val_eval
[I 2026-05-12 07:19:51,337] Trial 11 finished with value: 46.00606673407482 and parameters: {'lr': 0.000381663861962904, 'weight_decay': 0.00821160806524291, 'batch_size': 32, 'epochs': 100, 'hidden_dims': '1024', 'dropout': 0.23036595192387704}. Best is trial 0 with value: 69.36299292214359.
[I 2026-05-12 07:26:36,399] Trial 12 pruned. Pruned at epoch 100 with val_accuracy=69.3124
[I 2026-05-12 07:34:10,337] Trial 13 pruned. Pruned at epoch 100 with val_accuracy=68.8574
[I 2026-05-12 07:41:38,813] Trial 14 pruned. Pruned at epoch 100 with val_accuracy=68.1496
[I 2026-05-12 07:48:38,730] Trial 15 pruned. Pruned at epoch 100 with val_accuracy=50.0000
[I 2026-05-12 07:55:28,766] Trial 16 pruned. Pruned at epoch 100 with val_accuracy=68.1496
[I 2026-05-12 08:02:42,138] Trial 17 pruned. Pruned at epoch 100 with val_accuracy=69.5147
[I 2026-05-12 08:09:24,002] Trial 18 pruned. Pruned at epoch 102 with val_accuracy=69.8180
