[I 2026-05-12 12:06:43,997] Trial 7 finished with value: 27.80586450960566 and parameters: {'lr': 0.00010300196600986775, 'weight_decay': 0.0045442082254883295, 'batch_size': 128, 'epochs': 20, 'hidden_dims': '1024x512x1024', 'dropout': 0.11978094533348621}. Best is trial 0 with value: 67.44186046511628.
[eval.mvp] Starting eval | split_name=val split_dir=data/splits/mvp/full_60_20_20 predictor_mode=from_file annotation_file=data/annotations/mvp_full.jsonl
[eval.mvp] Loaded split assignments | split_pairs=989 split_samples=1978
[eval.mvp] Prepared samples | n_pairs_before_trim=989 n_samples_before_trim=1978 n_pairs_after_trim=989 n_samples_after_trim=1978 max_pairs=0
[eval.mvp] Generated predictions | n_predictions=1978
[eval.mvp] Scoring complete | accuracy=67.0374 pair_consistency=38.6249 n_pairs=989 n_samples=1978
[eval.mvp] Artifacts written | output_dir=artifacts/probes/mvp/mvp_probe_mlp_ltx_video_retry_missing_20260511/layer_noise_0.2_block_36/train/trial_0008/val_eval
[I 2026-05-12 12:10:36,085] Trial 8 finished with value: 38.624873609706775 and parameters: {'lr': 2.7207248059486674e-05, 'weight_decay': 8.64403589520682e-06, 'batch_size': 32, 'epochs': 50, 'hidden_dims': '512', 'dropout': 0.3387821809211412}. Best is trial 0 with value: 67.44186046511628.
[eval.mvp] Starting eval | split_name=val split_dir=data/splits/mvp/full_60_20_20 predictor_mode=from_file annotation_file=data/annotations/mvp_full.jsonl
[eval.mvp] Loaded split assignments | split_pairs=989 split_samples=1978
[eval.mvp] Prepared samples | n_pairs_before_trim=989 n_samples_before_trim=1978 n_pairs_after_trim=989 n_samples_after_trim=1978 max_pairs=0
[eval.mvp] Generated predictions | n_predictions=1978
[eval.mvp] Scoring complete | accuracy=62.3357 pair_consistency=35.2882 n_pairs=989 n_samples=1978
[eval.mvp] Artifacts written | output_dir=artifacts/probes/mvp/mvp_probe_mlp_ltx_video_retry_missing_20260511/layer_noise_0.2_block_36/train/trial_0009/val_eval
[I 2026-05-12 12:14:22,826] Trial 9 finished with value: 35.28816986855409 and parameters: {'lr': 1.1214075785991125e-05, 'weight_decay': 1.1818390883060214e-05, 'batch_size': 256, 'epochs': 50, 'hidden_dims': '256', 'dropout': 0.12092614545022584}. Best is trial 0 with value: 67.44186046511628.
[I 2026-05-12 12:21:07,270] Trial 10 pruned. Pruned at epoch 100 with val_accuracy=50.0000
[eval.mvp] Starting eval | split_name=val split_dir=data/splits/mvp/full_60_20_20 predictor_mode=from_file annotation_file=data/annotations/mvp_full.jsonl
[eval.mvp] Loaded split assignments | split_pairs=989 split_samples=1978
[eval.mvp] Prepared samples | n_pairs_before_trim=989 n_samples_before_trim=1978 n_pairs_after_trim=989 n_samples_after_trim=1978 max_pairs=0
[eval.mvp] Generated predictions | n_predictions=1978
[eval.mvp] Scoring complete | accuracy=74.9747 pair_consistency=52.9828 n_pairs=989 n_samples=1978
[eval.mvp] Artifacts written | output_dir=artifacts/probes/mvp/mvp_probe_mlp_ltx_video_retry_missing_20260511/layer_noise_0.2_block_36/train/trial_0011/val_eval
[I 2026-05-12 12:29:52,726] Trial 11 finished with value: 52.98281092012134 and parameters: {'lr': 0.000381663861962904, 'weight_decay': 0.00821160806524291, 'batch_size': 32, 'epochs': 100, 'hidden_dims': '1024', 'dropout': 0.23036595192387704}. Best is trial 0 with value: 67.44186046511628.
[I 2026-05-12 12:37:02,457] Trial 12 pruned. Pruned at epoch 100 with val_accuracy=72.9525
[I 2026-05-12 12:44:37,537] Trial 13 pruned. Pruned at epoch 100 with val_accuracy=73.3064
[I 2026-05-12 12:51:19,881] Trial 14 pruned. Pruned at epoch 100 with val_accuracy=68.2002
[I 2026-05-12 12:59:49,085] Trial 15 pruned. Pruned at epoch 100 with val_accuracy=50.0000
[I 2026-05-12 13:07:40,630] Trial 16 pruned. Pruned at epoch 100 with val_accuracy=70.5258
[I 2026-05-12 13:16:43,084] Trial 17 pruned. Pruned at epoch 100 with val_accuracy=72.9019
[I 2026-05-12 13:23:23,833] Trial 18 pruned. Pruned at epoch 129 with val_accuracy=76.0364
[I 2026-05-12 13:30:06,581] Trial 19 pruned. Pruned at epoch 100 with val_accuracy=71.3347
[eval.mvp] Starting eval | split_name=train split_dir=data/splits/mvp/full_60_20_20 predictor_mode=from_file annotation_file=data/annotations/mvp_full.jsonl
[eval.mvp] Loaded split assignments | split_pairs=2965 split_samples=5930
[eval.mvp] Prepared samples | n_pairs_before_trim=2965 n_samples_before_trim=5930 n_pairs_after_trim=2965 n_samples_after_trim=5930 max_pairs=0
[eval.mvp] Generated predictions | n_predictions=5930
[eval.mvp] Scoring complete | accuracy=99.6627 pair_consistency=99.3255 n_pairs=2965 n_samples=5930
[eval.mvp] Artifacts written | output_dir=artifacts/probes/mvp/mvp_probe_mlp_ltx_video_retry_missing_20260511/layer_noise_0.2_block_36/eval/train
[eval.mvp] Starting eval | split_name=val split_dir=data/splits/mvp/full_60_20_20 predictor_mode=from_file annotation_file=data/annotations/mvp_full.jsonl
[eval.mvp] Loaded split assignments | split_pairs=989 split_samples=1978
[eval.mvp] Prepared samples | n_pairs_before_trim=989 n_samples_before_trim=1978 n_pairs_after_trim=989 n_samples_after_trim=1978 max_pairs=0
[eval.mvp] Generated predictions | n_predictions=1978
[eval.mvp] Scoring complete | accuracy=81.3953 pair_consistency=67.4419 n_pairs=989 n_samples=1978
[eval.mvp] Artifacts written | output_dir=artifacts/probes/mvp/mvp_probe_mlp_ltx_video_retry_missing_20260511/layer_noise_0.2_block_36/eval/val
[eval.mvp] Starting eval | split_name=test split_dir=data/splits/mvp/full_60_20_20 predictor_mode=from_file annotation_file=data/annotations/mvp_full.jsonl
[eval.mvp] Loaded split assignments | split_pairs=989 split_samples=1978
[eval.mvp] Prepared samples | n_pairs_before_trim=989 n_samples_before_trim=1978 n_pairs_after_trim=989 n_samples_after_trim=1978 max_pairs=0
[eval.mvp] Generated predictions | n_predictions=1978
[eval.mvp] Scoring complete | accuracy=80.6876 pair_consistency=66.0263 n_pairs=989 n_samples=1978
[eval.mvp] Artifacts written | output_dir=artifacts/probes/mvp/mvp_probe_mlp_ltx_video_retry_missing_20260511/layer_noise_0.2_block_36/eval/test
[I 2026-05-12 13:31:14,883] A new study created in RDB with name: mvp_mlp_ltx_video_layer_noise_0.1_block_36
[eval.mvp] Starting eval | split_name=val split_dir=data/splits/mvp/full_60_20_20 predictor_mode=from_file annotation_file=data/annotations/mvp_full.jsonl
[eval.mvp] Loaded split assignments | split_pairs=989 split_samples=1978
[eval.mvp] Prepared samples | n_pairs_before_trim=989 n_samples_before_trim=1978 n_pairs_after_trim=989 n_samples_after_trim=1978 max_pairs=0
[eval.mvp] Generated predictions | n_predictions=1978
[eval.mvp] Scoring complete | accuracy=81.1426 pair_consistency=65.9252 n_pairs=989 n_samples=1978
[eval.mvp] Artifacts written | output_dir=artifacts/probes/mvp/mvp_probe_mlp_ltx_video_retry_missing_20260511/layer_noise_0.1_block_36/train/trial_0000/val_eval
[I 2026-05-12 15:12:30,997] Trial 0 finished with value: 65.92517694641052 and parameters: {'lr': 0.0001329291894316216, 'weight_decay': 0.005061576888752304, 'batch_size': 32, 'epochs': 2000, 'hidden_dims': '256', 'dropout': 0.21597250932105788}. Best is trial 0 with value: 65.92517694641052.
[eval.mvp] Starting eval | split_name=val split_dir=data/splits/mvp/full_60_20_20 predictor_mode=from_file annotation_file=data/annotations/mvp_full.jsonl
[eval.mvp] Loaded split assignments | split_pairs=989 split_samples=1978
[eval.mvp] Prepared samples | n_pairs_before_trim=989 n_samples_before_trim=1978 n_pairs_after_trim=989 n_samples_after_trim=1978 max_pairs=0
[eval.mvp] Generated predictions | n_predictions=1978
[eval.mvp] Scoring complete | accuracy=61.8807 pair_consistency=29.5248 n_pairs=989 n_samples=1978
[eval.mvp] Artifacts written | output_dir=artifacts/probes/mvp/mvp_probe_mlp_ltx_video_retry_missing_20260511/layer_noise_0.1_block_36/train/trial_0001/val_eval
[I 2026-05-12 15:13:39,298] Trial 1 finished with value: 29.524772497472195 and parameters: {'lr': 7.476312062252303e-05, 'weight_decay': 4.689400963537693e-05, 'batch_size': 256, 'epochs': 20, 'hidden_dims': '512x256', 'dropout': 0.048836057003191935}. Best is trial 0 with value: 65.92517694641052.
[eval.mvp] Starting eval | split_name=val split_dir=data/splits/mvp/full_60_20_20 predictor_mode=from_file annotation_file=data/annotations/mvp_full.jsonl
[eval.mvp] Loaded split assignments | split_pairs=989 split_samples=1978
[eval.mvp] Prepared samples | n_pairs_before_trim=989 n_samples_before_trim=1978 n_pairs_after_trim=989 n_samples_after_trim=1978 max_pairs=0
[eval.mvp] Generated predictions | n_predictions=1978
[eval.mvp] Scoring complete | accuracy=65.3691 pair_consistency=35.1871 n_pairs=989 n_samples=1978
[eval.mvp] Artifacts written | output_dir=artifacts/probes/mvp/mvp_probe_mlp_ltx_video_retry_missing_20260511/layer_noise_0.1_block_36/train/trial_0002/val_eval
[I 2026-05-12 15:15:19,600] Trial 2 finished with value: 35.18705763397371 and parameters: {'lr': 0.0011290133559092666, 'weight_decay': 4.374364439939069e-06, 'batch_size': 256, 'epochs': 50, 'hidden_dims': '256', 'dropout': 0.04424625102595975}. Best is trial 0 with value: 65.92517694641052.
[I 2026-05-12 15:17:30,445] Trial 3 pruned. Pruned at epoch 100 with val_accuracy=69.9191
[I 2026-05-12 15:20:50,540] Trial 4 pruned. Pruned at epoch 100 with val_accuracy=65.6724
[I 2026-05-12 15:27:34,389] Trial 5 pruned. Pruned at epoch 100 with val_accuracy=64.0546
[eval.mvp] Starting eval | split_name=val split_dir=data/splits/mvp/full_60_20_20 predictor_mode=from_file annotation_file=data/annotations/mvp_full.jsonl
[eval.mvp] Loaded split assignments | split_pairs=989 split_samples=1978
[eval.mvp] Prepared samples | n_pairs_before_trim=989 n_samples_before_trim=1978 n_pairs_after_trim=989 n_samples_after_trim=1978 max_pairs=0
[eval.mvp] Generated predictions | n_predictions=1978
[eval.mvp] Scoring complete | accuracy=66.9363 pair_consistency=40.2427 n_pairs=989 n_samples=1978
[eval.mvp] Artifacts written | output_dir=artifacts/probes/mvp/mvp_probe_mlp_ltx_video_retry_missing_20260511/layer_noise_0.1_block_36/train/trial_0006/val_eval
[I 2026-05-12 15:29:56,587] Trial 6 finished with value: 40.24266936299292 and parameters: {'lr': 0.000794714742465374, 'weight_decay': 0.0016934155410667966, 'batch_size': 128, 'epochs': 50, 'hidden_dims': '512', 'dropout': 0.0599326836668414}. Best is trial 0 with value: 65.92517694641052.
[eval.mvp] Starting eval | split_name=val split_dir=data/splits/mvp/full_60_20_20 predictor_mode=from_file annotation_file=data/annotations/mvp_full.jsonl
[eval.mvp] Loaded split assignments | split_pairs=989 split_samples=1978
[eval.mvp] Prepared samples | n_pairs_before_trim=989 n_samples_before_trim=1978 n_pairs_after_trim=989 n_samples_after_trim=1978 max_pairs=0
[eval.mvp] Generated predictions | n_predictions=1978
[eval.mvp] Scoring complete | accuracy=60.9707 pair_consistency=29.6259 n_pairs=989 n_samples=1978
[eval.mvp] Artifacts written | output_dir=artifacts/probes/mvp/mvp_probe_mlp_ltx_video_retry_missing_20260511/layer_noise_0.1_block_36/train/trial_0007/val_eval
[I 2026-05-12 15:31:57,110] Trial 7 finished with value: 29.625884732052576 and parameters: {'lr': 0.00010300196600986775, 'weight_decay': 0.0045442082254883295, 'batch_size': 128, 'epochs': 20, 'hidden_dims': '1024x512x1024', 'dropout': 0.11978094533348621}. Best is trial 0 with value: 65.92517694641052.
[eval.mvp] Starting eval | split_name=val split_dir=data/splits/mvp/full_60_20_20 predictor_mode=from_file annotation_file=data/annotations/mvp_full.jsonl
[eval.mvp] Loaded split assignments | split_pairs=989 split_samples=1978
[eval.mvp] Prepared samples | n_pairs_before_trim=989 n_samples_before_trim=1978 n_pairs_after_trim=989 n_samples_after_trim=1978 max_pairs=0
[eval.mvp] Generated predictions | n_predictions=1978
[eval.mvp] Scoring complete | accuracy=65.3185 pair_consistency=38.1193 n_pairs=989 n_samples=1978
[eval.mvp] Artifacts written | output_dir=artifacts/probes/mvp/mvp_probe_mlp_ltx_video_retry_missing_20260511/layer_noise_0.1_block_36/train/trial_0008/val_eval
[I 2026-05-12 15:34:18,289] Trial 8 finished with value: 38.119312436804854 and parameters: {'lr': 2.7207248059486674e-05, 'weight_decay': 8.64403589520682e-06, 'batch_size': 32, 'epochs': 50, 'hidden_dims': '512', 'dropout': 0.3387821809211412}. Best is trial 0 with value: 65.92517694641052.
[eval.mvp] Starting eval | split_name=val split_dir=data/splits/mvp/full_60_20_20 predictor_mode=from_file annotation_file=data/annotations/mvp_full.jsonl
[eval.mvp] Loaded split assignments | split_pairs=989 split_samples=1978
[eval.mvp] Prepared samples | n_pairs_before_trim=989 n_samples_before_trim=1978 n_pairs_after_trim=989 n_samples_after_trim=1978 max_pairs=0
[eval.mvp] Generated predictions | n_predictions=1978
[eval.mvp] Scoring complete | accuracy=63.1446 pair_consistency=35.7937 n_pairs=989 n_samples=1978
[eval.mvp] Artifacts written | output_dir=artifacts/probes/mvp/mvp_probe_mlp_ltx_video_retry_missing_20260511/layer_noise_0.1_block_36/train/trial_0009/val_eval
[I 2026-05-12 15:36:23,250] Trial 9 finished with value: 35.79373104145602 and parameters: {'lr': 1.1214075785991125e-05, 'weight_decay': 1.1818390883060214e-05, 'batch_size': 256, 'epochs': 50, 'hidden_dims': '256', 'dropout': 0.12092614545022584}. Best is trial 0 with value: 65.92517694641052.
[I 2026-05-12 15:41:45,827] Trial 10 pruned. Pruned at epoch 100 with val_accuracy=50.0000
[eval.mvp] Starting eval | split_name=val split_dir=data/splits/mvp/full_60_20_20 predictor_mode=from_file annotation_file=data/annotations/mvp_full.jsonl
[eval.mvp] Loaded split assignments | split_pairs=989 split_samples=1978
[eval.mvp] Prepared samples | n_pairs_before_trim=989 n_samples_before_trim=1978 n_pairs_after_trim=989 n_samples_after_trim=1978 max_pairs=0
[eval.mvp] Generated predictions | n_predictions=1978
[eval.mvp] Scoring complete | accuracy=73.2558 pair_consistency=52.3761 n_pairs=989 n_samples=1978
[eval.mvp] Artifacts written | output_dir=artifacts/probes/mvp/mvp_probe_mlp_ltx_video_retry_missing_20260511/layer_noise_0.1_block_36/train/trial_0011/val_eval
[I 2026-05-12 15:48:36,320] Trial 11 finished with value: 52.37613751263903 and parameters: {'lr': 0.000381663861962904, 'weight_decay': 0.00821160806524291, 'batch_size': 32, 'epochs': 100, 'hidden_dims': '1024', 'dropout': 0.23036595192387704}. Best is trial 0 with value: 65.92517694641052.
[I 2026-05-12 15:53:22,096] Trial 12 pruned. Pruned at epoch 100 with val_accuracy=67.7452
[I 2026-05-12 16:00:11,518] Trial 13 pruned. Pruned at epoch 100 with val_accuracy=68.9585
[I 2026-05-12 16:05:15,483] Trial 14 pruned. Pruned at epoch 100 with val_accuracy=67.2902
[I 2026-05-12 16:09:51,346] Trial 15 pruned. Pruned at epoch 100 with val_accuracy=50.0000
[I 2026-05-12 16:14:01,896] Trial 16 pruned. Pruned at epoch 100 with val_accuracy=67.0880
[I 2026-05-12 16:20:05,510] Trial 17 pruned. Pruned at epoch 100 with val_accuracy=70.2224
[I 2026-05-12 16:26:39,572] Trial 18 pruned. Pruned at epoch 123 with val_accuracy=75.1769
[I 2026-05-12 16:32:39,366] Trial 19 pruned. Pruned at epoch 100 with val_accuracy=71.7897
[eval.mvp] Starting eval | split_name=train split_dir=data/splits/mvp/full_60_20_20 predictor_mode=from_file annotation_file=data/annotations/mvp_full.jsonl
[eval.mvp] Loaded split assignments | split_pairs=2965 split_samples=5930
[eval.mvp] Prepared samples | n_pairs_before_trim=2965 n_samples_before_trim=5930 n_pairs_after_trim=2965 n_samples_after_trim=5930 max_pairs=0
[eval.mvp] Generated predictions | n_predictions=5930
[eval.mvp] Scoring complete | accuracy=99.1737 pair_consistency=98.3474 n_pairs=2965 n_samples=5930
[eval.mvp] Artifacts written | output_dir=artifacts/probes/mvp/mvp_probe_mlp_ltx_video_retry_missing_20260511/layer_noise_0.1_block_36/eval/train
[eval.mvp] Starting eval | split_name=val split_dir=data/splits/mvp/full_60_20_20 predictor_mode=from_file annotation_file=data/annotations/mvp_full.jsonl
[eval.mvp] Loaded split assignments | split_pairs=989 split_samples=1978
[eval.mvp] Prepared samples | n_pairs_before_trim=989 n_samples_before_trim=1978 n_pairs_after_trim=989 n_samples_after_trim=1978 max_pairs=0
[eval.mvp] Generated predictions | n_predictions=1978
[eval.mvp] Scoring complete | accuracy=81.1426 pair_consistency=65.9252 n_pairs=989 n_samples=1978
[eval.mvp] Artifacts written | output_dir=artifacts/probes/mvp/mvp_probe_mlp_ltx_video_retry_missing_20260511/layer_noise_0.1_block_36/eval/val
[eval.mvp] Starting eval | split_name=test split_dir=data/splits/mvp/full_60_20_20 predictor_mode=from_file annotation_file=data/annotations/mvp_full.jsonl
[eval.mvp] Loaded split assignments | split_pairs=989 split_samples=1978
[eval.mvp] Prepared samples | n_pairs_before_trim=989 n_samples_before_trim=1978 n_pairs_after_trim=989 n_samples_after_trim=1978 max_pairs=0
[eval.mvp] Generated predictions | n_predictions=1978
[eval.mvp] Scoring complete | accuracy=80.5865 pair_consistency=65.8241 n_pairs=989 n_samples=1978
[eval.mvp] Artifacts written | output_dir=artifacts/probes/mvp/mvp_probe_mlp_ltx_video_retry_missing_20260511/layer_noise_0.1_block_36/eval/test
